{"/home/travis/build/npmtest/node-npmtest-jsbn/test.js":{"path":"/home/travis/build/npmtest/node-npmtest-jsbn/test.js","s":{"1":2,"2":2,"3":2,"4":2,"5":2,"6":2,"7":2,"8":1,"9":2,"10":2,"11":1,"12":1,"13":1,"14":1,"15":2,"16":2,"17":2,"18":2,"19":1,"20":1,"21":2,"22":2,"23":2,"24":1,"25":1,"26":1,"27":1,"28":1,"29":1,"30":1,"31":1,"32":1,"33":1,"34":1,"35":1,"36":1,"37":1,"38":1,"39":2,"40":2,"41":1,"42":2,"43":2,"44":1,"45":2,"46":2,"47":1,"48":2,"49":2,"50":1,"51":1,"52":1,"53":1,"54":1},"b":{"1":[2,1,1,1],"2":[1,1,1,1],"3":[1,1],"4":[1,1],"5":[1,1],"6":[1,1],"7":[1,1],"8":[1,1],"9":[1,1],"10":[1,1,1],"11":[1,1],"12":[1,1],"13":[1,1],"14":[1,1],"15":[1,1],"16":[1,1],"17":[1,1]},"f":{"1":2,"2":2,"3":2,"4":2,"5":2,"6":1,"7":1,"8":1,"9":2,"10":2,"11":2,"12":2,"13":1},"fnMap":{"1":{"name":"(anonymous_1)","line":12,"loc":{"start":{"line":12,"column":1},"end":{"line":12,"column":13}}},"2":{"name":"(anonymous_2)","line":19,"loc":{"start":{"line":19,"column":5},"end":{"line":19,"column":17}}},"3":{"name":"(anonymous_3)","line":23,"loc":{"start":{"line":23,"column":24},"end":{"line":23,"column":36}}},"4":{"name":"(anonymous_4)","line":61,"loc":{"start":{"line":61,"column":5},"end":{"line":61,"column":17}}},"5":{"name":"(anonymous_5)","line":82,"loc":{"start":{"line":82,"column":5},"end":{"line":82,"column":17}}},"6":{"name":"(anonymous_6)","line":91,"loc":{"start":{"line":91,"column":77},"end":{"line":94,"column":10}}},"7":{"name":"(anonymous_7)","line":112,"loc":{"start":{"line":112,"column":83},"end":{"line":115,"column":10}},"skip":true},"8":{"name":"(anonymous_8)","line":123,"loc":{"start":{"line":123,"column":77},"end":{"line":126,"column":10}},"skip":true},"9":{"name":"(anonymous_9)","line":139,"loc":{"start":{"line":139,"column":12},"end":{"line":139,"column":40}},"skip":true},"10":{"name":"(anonymous_10)","line":147,"loc":{"start":{"line":147,"column":77},"end":{"line":150,"column":10}},"skip":true},"11":{"name":"(anonymous_11)","line":158,"loc":{"start":{"line":158,"column":83},"end":{"line":161,"column":10}},"skip":true},"12":{"name":"(anonymous_12)","line":169,"loc":{"start":{"line":169,"column":79},"end":{"line":172,"column":10}},"skip":true},"13":{"name":"(anonymous_13)","line":180,"loc":{"start":{"line":180,"column":75},"end":{"line":183,"column":10}},"skip":true}},"statementMap":{"1":{"start":{"line":12,"column":0},"end":{"line":195,"column":5}},"2":{"start":{"line":14,"column":4},"end":{"line":14,"column":14}},"3":{"start":{"line":19,"column":4},"end":{"line":56,"column":9}},"4":{"start":{"line":21,"column":8},"end":{"line":21,"column":19}},"5":{"start":{"line":23,"column":8},"end":{"line":35,"column":13}},"6":{"start":{"line":24,"column":12},"end":{"line":34,"column":13}},"7":{"start":{"line":25,"column":16},"end":{"line":28,"column":30}},"8":{"start":{"line":30,"column":16},"end":{"line":33,"column":27}},"9":{"start":{"line":37,"column":8},"end":{"line":39,"column":21}},"10":{"start":{"line":40,"column":8},"end":{"line":53,"column":9}},"11":{"start":{"line":43,"column":12},"end":{"line":46,"column":14}},"12":{"start":{"line":47,"column":12},"end":{"line":47,"column":18}},"13":{"start":{"line":50,"column":12},"end":{"line":51,"column":33}},"14":{"start":{"line":52,"column":12},"end":{"line":52,"column":18}},"15":{"start":{"line":55,"column":8},"end":{"line":55,"column":35}},"16":{"start":{"line":61,"column":4},"end":{"line":63,"column":9}},"17":{"start":{"line":62,"column":8},"end":{"line":62,"column":15}},"18":{"start":{"line":64,"column":4},"end":{"line":77,"column":5}},"19":{"start":{"line":70,"column":8},"end":{"line":70,"column":14}},"20":{"start":{"line":76,"column":8},"end":{"line":76,"column":14}},"21":{"start":{"line":82,"column":4},"end":{"line":84,"column":9}},"22":{"start":{"line":83,"column":8},"end":{"line":83,"column":15}},"23":{"start":{"line":85,"column":4},"end":{"line":194,"column":5}},"24":{"start":{"line":91,"column":8},"end":{"line":99,"column":10}},"25":{"start":{"line":98,"column":12},"end":{"line":98,"column":35}},"26":{"start":{"line":102,"column":8},"end":{"line":104,"column":63}},"27":{"start":{"line":105,"column":8},"end":{"line":105,"column":14}},"28":{"start":{"line":112,"column":8},"end":{"line":121,"column":10},"skip":true},"29":{"start":{"line":119,"column":12},"end":{"line":119,"column":55},"skip":true},"30":{"start":{"line":120,"column":12},"end":{"line":120,"column":48},"skip":true},"31":{"start":{"line":123,"column":8},"end":{"line":136,"column":10},"skip":true},"32":{"start":{"line":130,"column":12},"end":{"line":130,"column":76},"skip":true},"33":{"start":{"line":131,"column":12},"end":{"line":131,"column":73},"skip":true},"34":{"start":{"line":132,"column":12},"end":{"line":132,"column":74},"skip":true},"35":{"start":{"line":133,"column":12},"end":{"line":133,"column":79},"skip":true},"36":{"start":{"line":134,"column":12},"end":{"line":134,"column":25},"skip":true},"37":{"start":{"line":135,"column":12},"end":{"line":135,"column":45},"skip":true},"38":{"start":{"line":138,"column":8},"end":{"line":145,"column":14},"skip":true},"39":{"start":{"line":143,"column":16},"end":{"line":143,"column":29},"skip":true},"40":{"start":{"line":144,"column":16},"end":{"line":144,"column":55},"skip":true},"41":{"start":{"line":147,"column":8},"end":{"line":156,"column":10},"skip":true},"42":{"start":{"line":154,"column":12},"end":{"line":154,"column":25},"skip":true},"43":{"start":{"line":155,"column":12},"end":{"line":155,"column":45},"skip":true},"44":{"start":{"line":158,"column":8},"end":{"line":167,"column":10},"skip":true},"45":{"start":{"line":165,"column":12},"end":{"line":165,"column":25},"skip":true},"46":{"start":{"line":166,"column":12},"end":{"line":166,"column":48},"skip":true},"47":{"start":{"line":169,"column":8},"end":{"line":178,"column":10},"skip":true},"48":{"start":{"line":176,"column":12},"end":{"line":176,"column":25},"skip":true},"49":{"start":{"line":177,"column":12},"end":{"line":177,"column":46},"skip":true},"50":{"start":{"line":180,"column":8},"end":{"line":189,"column":10},"skip":true},"51":{"start":{"line":187,"column":12},"end":{"line":187,"column":94},"skip":true},"52":{"start":{"line":188,"column":12},"end":{"line":188,"column":48},"skip":true},"53":{"start":{"line":192,"column":8},"end":{"line":192,"column":35},"skip":true},"54":{"start":{"line":193,"column":8},"end":{"line":193,"column":14},"skip":true}},"branchMap":{"1":{"line":25,"type":"binary-expr","locations":[{"start":{"line":25,"column":23},"end":{"line":25,"column":62}},{"start":{"line":26,"column":20},"end":{"line":26,"column":70}},{"start":{"line":27,"column":20},"end":{"line":27,"column":71}},{"start":{"line":28,"column":20},"end":{"line":28,"column":29}}]},"2":{"line":30,"type":"binary-expr","locations":[{"start":{"line":30,"column":23},"end":{"line":30,"column":37}},{"start":{"line":31,"column":20},"end":{"line":31,"column":61}},{"start":{"line":32,"column":20},"end":{"line":32,"column":70}},{"start":{"line":33,"column":20},"end":{"line":33,"column":26}}]},"3":{"line":37,"type":"cond-expr","locations":[{"start":{"line":38,"column":14},"end":{"line":38,"column":20}},{"start":{"line":39,"column":14},"end":{"line":39,"column":20}}]},"4":{"line":40,"type":"switch","locations":[{"start":{"line":42,"column":8},"end":{"line":47,"column":18}},{"start":{"line":49,"column":8},"end":{"line":52,"column":18}}]},"5":{"line":44,"type":"binary-expr","locations":[{"start":{"line":44,"column":16},"end":{"line":44,"column":44}},{"start":{"line":44,"column":48},"end":{"line":44,"column":66}}]},"6":{"line":50,"type":"binary-expr","locations":[{"start":{"line":50,"column":21},"end":{"line":50,"column":49}},{"start":{"line":50,"column":53},"end":{"line":50,"column":72}}]},"7":{"line":64,"type":"switch","locations":[{"start":{"line":69,"column":4},"end":{"line":70,"column":14}},{"start":{"line":75,"column":4},"end":{"line":76,"column":14}}]},"8":{"line":85,"type":"switch","locations":[{"start":{"line":90,"column":4},"end":{"line":105,"column":14}},{"start":{"line":111,"column":4},"end":{"line":193,"column":14},"skip":true}]},"9":{"line":91,"type":"binary-expr","locations":[{"start":{"line":91,"column":42},"end":{"line":91,"column":73}},{"start":{"line":91,"column":77},"end":{"line":99,"column":9}}]},"10":{"line":102,"type":"binary-expr","locations":[{"start":{"line":102,"column":18},"end":{"line":102,"column":32}},{"start":{"line":103,"column":12},"end":{"line":103,"column":53}},{"start":{"line":104,"column":12},"end":{"line":104,"column":61}}]},"11":{"line":112,"type":"binary-expr","locations":[{"start":{"line":112,"column":45},"end":{"line":112,"column":79},"skip":true},{"start":{"line":112,"column":83},"end":{"line":121,"column":9},"skip":true}]},"12":{"line":123,"type":"binary-expr","locations":[{"start":{"line":123,"column":42},"end":{"line":123,"column":73},"skip":true},{"start":{"line":123,"column":77},"end":{"line":136,"column":9},"skip":true}]},"13":{"line":138,"type":"binary-expr","locations":[{"start":{"line":138,"column":48},"end":{"line":138,"column":85},"skip":true},{"start":{"line":139,"column":12},"end":{"line":145,"column":13},"skip":true}]},"14":{"line":147,"type":"binary-expr","locations":[{"start":{"line":147,"column":42},"end":{"line":147,"column":73},"skip":true},{"start":{"line":147,"column":77},"end":{"line":156,"column":9},"skip":true}]},"15":{"line":158,"type":"binary-expr","locations":[{"start":{"line":158,"column":45},"end":{"line":158,"column":79},"skip":true},{"start":{"line":158,"column":83},"end":{"line":167,"column":9},"skip":true}]},"16":{"line":169,"type":"binary-expr","locations":[{"start":{"line":169,"column":43},"end":{"line":169,"column":75},"skip":true},{"start":{"line":169,"column":79},"end":{"line":178,"column":9},"skip":true}]},"17":{"line":180,"type":"binary-expr","locations":[{"start":{"line":180,"column":41},"end":{"line":180,"column":71},"skip":true},{"start":{"line":180,"column":75},"end":{"line":189,"column":9},"skip":true}]}},"code":["/* istanbul instrument in package npmtest_jsbn */","/*jslint","    bitwise: true,","    browser: true,","    maxerr: 8,","    maxlen: 96,","    node: true,","    nomen: true,","    regexp: true,","    stupid: true","*/","(function () {","    'use strict';","    var local;","","","","    // run shared js-env code - pre-init","    (function () {","        // init local","        local = {};","        // init modeJs","        local.modeJs = (function () {","            try {","                return typeof navigator.userAgent === 'string' &&","                    typeof document.querySelector('body') === 'object' &&","                    typeof XMLHttpRequest.prototype.open === 'function' &&","                    'browser';","            } catch (errorCaughtBrowser) {","                return module.exports &&","                    typeof process.versions.node === 'string' &&","                    typeof require('http').createServer === 'function' &&","                    'node';","            }","        }());","        // init global","        local.global = local.modeJs === 'browser'","            ? window","            : global;","        switch (local.modeJs) {","        // re-init local from window.local","        case 'browser':","            local = local.global.utility2.objectSetDefault(","                local.global.utility2_rollup || local.global.local,","                local.global.utility2","            );","            break;","        // re-init local from example.js","        case 'node':","            local = (local.global.utility2_rollup || require('utility2'))","                .requireReadme();","            break;","        }","        // export local","        local.global.local = local;","    }());","","","","    // run shared js-env code - function","    (function () {","        return;","    }());","    switch (local.modeJs) {","","","","    // run browser js-env code - function","    case 'browser':","        break;","","","","    // run node js-env code - function","    case 'node':","        break;","    }","","","","    // run shared js-env code - post-init","    (function () {","        return;","    }());","    switch (local.modeJs) {","","","","    // run browser js-env code - post-init","    case 'browser':","        local.testCase_browser_nullCase = local.testCase_browser_nullCase || function (","            options,","            onError","        ) {","        /*","         * this function will test browsers's null-case handling-behavior-behavior","         */","            onError(null, options);","        };","","        // run tests","        local.nop(local.modeTest &&","            document.querySelector('#testRunButton1') &&","            document.querySelector('#testRunButton1').click());","        break;","","","","    // run node js-env code - post-init","    /* istanbul ignore next */","    case 'node':","        local.testCase_buildApidoc_default = local.testCase_buildApidoc_default || function (","            options,","            onError","        ) {","        /*","         * this function will test buildApidoc's default handling-behavior-behavior","         */","            options = { modulePathList: module.paths };","            local.buildApidoc(options, onError);","        };","","        local.testCase_buildApp_default = local.testCase_buildApp_default || function (","            options,","            onError","        ) {","        /*","         * this function will test buildApp's default handling-behavior-behavior","         */","            local.testCase_buildReadme_default(options, local.onErrorThrow);","            local.testCase_buildLib_default(options, local.onErrorThrow);","            local.testCase_buildTest_default(options, local.onErrorThrow);","            local.testCase_buildCustomOrg_default(options, local.onErrorThrow);","            options = [];","            local.buildApp(options, onError);","        };","","        local.testCase_buildCustomOrg_default = local.testCase_buildCustomOrg_default ||","            function (options, onError) {","            /*","             * this function will test buildCustomOrg's default handling-behavior","             */","                options = {};","                local.buildCustomOrg(options, onError);","            };","","        local.testCase_buildLib_default = local.testCase_buildLib_default || function (","            options,","            onError","        ) {","        /*","         * this function will test buildLib's default handling-behavior","         */","            options = {};","            local.buildLib(options, onError);","        };","","        local.testCase_buildReadme_default = local.testCase_buildReadme_default || function (","            options,","            onError","        ) {","        /*","         * this function will test buildReadme's default handling-behavior-behavior","         */","            options = {};","            local.buildReadme(options, onError);","        };","","        local.testCase_buildTest_default = local.testCase_buildTest_default || function (","            options,","            onError","        ) {","        /*","         * this function will test buildTest's default handling-behavior","         */","            options = {};","            local.buildTest(options, onError);","        };","","        local.testCase_webpage_default = local.testCase_webpage_default || function (","            options,","            onError","        ) {","        /*","         * this function will test webpage's default handling-behavior","         */","            options = { modeCoverageMerge: true, url: local.serverLocalHost + '?modeTest=1' };","            local.browserTest(options, onError);","        };","","        // run test-server","        local.testRunServer(local);","        break;","    }","}());",""],"l":{"12":2,"14":2,"19":2,"21":2,"23":2,"24":2,"25":2,"30":1,"37":2,"40":2,"43":1,"47":1,"50":1,"52":1,"55":2,"61":2,"62":2,"64":2,"70":1,"76":1,"82":2,"83":2,"85":2,"91":1,"98":1,"102":1,"105":1,"112":1,"119":1,"120":1,"123":1,"130":1,"131":1,"132":1,"133":1,"134":1,"135":1,"138":1,"143":2,"144":2,"147":1,"154":2,"155":2,"158":1,"165":2,"166":2,"169":1,"176":2,"177":2,"180":1,"187":1,"188":1,"192":1,"193":1}},"/home/travis/build/npmtest/node-npmtest-jsbn/lib.npmtest_jsbn.js":{"path":"/home/travis/build/npmtest/node-npmtest-jsbn/lib.npmtest_jsbn.js","s":{"1":2,"2":2,"3":2,"4":2,"5":2,"6":2,"7":2,"8":1,"9":2,"10":2,"11":2,"12":2,"13":1,"14":1,"15":1,"16":1},"b":{"1":[2,1,1,1],"2":[1,1,1,1],"3":[1,1],"4":[2,2],"5":[1,1]},"f":{"1":2,"2":2,"3":2},"fnMap":{"1":{"name":"(anonymous_1)","line":12,"loc":{"start":{"line":12,"column":1},"end":{"line":12,"column":13}}},"2":{"name":"(anonymous_2)","line":19,"loc":{"start":{"line":19,"column":5},"end":{"line":19,"column":17}}},"3":{"name":"(anonymous_3)","line":23,"loc":{"start":{"line":23,"column":24},"end":{"line":23,"column":36}}}},"statementMap":{"1":{"start":{"line":12,"column":0},"end":{"line":53,"column":5}},"2":{"start":{"line":14,"column":4},"end":{"line":14,"column":14}},"3":{"start":{"line":19,"column":4},"end":{"line":52,"column":9}},"4":{"start":{"line":21,"column":8},"end":{"line":21,"column":19}},"5":{"start":{"line":23,"column":8},"end":{"line":35,"column":13}},"6":{"start":{"line":24,"column":12},"end":{"line":34,"column":13}},"7":{"start":{"line":25,"column":16},"end":{"line":28,"column":30}},"8":{"start":{"line":30,"column":16},"end":{"line":33,"column":27}},"9":{"start":{"line":37,"column":8},"end":{"line":39,"column":21}},"10":{"start":{"line":41,"column":8},"end":{"line":41,"column":54}},"11":{"start":{"line":43,"column":8},"end":{"line":43,"column":49}},"12":{"start":{"line":45,"column":8},"end":{"line":51,"column":9}},"13":{"start":{"line":46,"column":12},"end":{"line":46,"column":55}},"14":{"start":{"line":48,"column":12},"end":{"line":48,"column":35}},"15":{"start":{"line":49,"column":12},"end":{"line":49,"column":49}},"16":{"start":{"line":50,"column":12},"end":{"line":50,"column":43}}},"branchMap":{"1":{"line":25,"type":"binary-expr","locations":[{"start":{"line":25,"column":23},"end":{"line":25,"column":62}},{"start":{"line":26,"column":20},"end":{"line":26,"column":70}},{"start":{"line":27,"column":20},"end":{"line":27,"column":71}},{"start":{"line":28,"column":20},"end":{"line":28,"column":29}}]},"2":{"line":30,"type":"binary-expr","locations":[{"start":{"line":30,"column":23},"end":{"line":30,"column":37}},{"start":{"line":31,"column":20},"end":{"line":31,"column":61}},{"start":{"line":32,"column":20},"end":{"line":32,"column":70}},{"start":{"line":33,"column":20},"end":{"line":33,"column":26}}]},"3":{"line":37,"type":"cond-expr","locations":[{"start":{"line":38,"column":14},"end":{"line":38,"column":20}},{"start":{"line":39,"column":14},"end":{"line":39,"column":20}}]},"4":{"line":41,"type":"binary-expr","locations":[{"start":{"line":41,"column":16},"end":{"line":41,"column":44}},{"start":{"line":41,"column":48},"end":{"line":41,"column":53}}]},"5":{"line":45,"type":"if","locations":[{"start":{"line":45,"column":8},"end":{"line":45,"column":8}},{"start":{"line":45,"column":8},"end":{"line":45,"column":8}}]}},"code":["/* istanbul instrument in package npmtest_jsbn */","/*jslint","    bitwise: true,","    browser: true,","    maxerr: 8,","    maxlen: 96,","    node: true,","    nomen: true,","    regexp: true,","    stupid: true","*/","(function () {","    'use strict';","    var local;","","","","    // run shared js-env code - pre-init","    (function () {","        // init local","        local = {};","        // init modeJs","        local.modeJs = (function () {","            try {","                return typeof navigator.userAgent === 'string' &&","                    typeof document.querySelector('body') === 'object' &&","                    typeof XMLHttpRequest.prototype.open === 'function' &&","                    'browser';","            } catch (errorCaughtBrowser) {","                return module.exports &&","                    typeof process.versions.node === 'string' &&","                    typeof require('http').createServer === 'function' &&","                    'node';","            }","        }());","        // init global","        local.global = local.modeJs === 'browser'","            ? window","            : global;","        // init utility2_rollup","        local = local.global.utility2_rollup || local;","        // init lib","        local.local = local.npmtest_jsbn = local;","        // init exports","        if (local.modeJs === 'browser') {","            local.global.utility2_npmtest_jsbn = local;","        } else {","            module.exports = local;","            module.exports.__dirname = __dirname;","            module.exports.module = module;","        }","    }());","}());",""],"l":{"12":2,"14":2,"19":2,"21":2,"23":2,"24":2,"25":2,"30":1,"37":2,"41":2,"43":2,"45":2,"46":1,"48":1,"49":1,"50":1}},"/home/travis/build/npmtest/node-npmtest-jsbn/example.js":{"path":"/home/travis/build/npmtest/node-npmtest-jsbn/example.js","s":{"1":2,"2":2,"3":2,"4":2,"5":2,"6":2,"7":2,"8":1,"9":2,"10":2,"11":2,"12":2,"13":1,"14":2,"15":2,"16":2,"17":2,"18":2,"19":0,"20":2,"21":1,"22":1,"23":1,"24":1,"25":1,"26":0,"27":0,"28":1,"29":1,"30":2,"31":0,"32":0,"33":0,"34":1,"35":2,"36":2,"37":3,"38":3,"39":3,"40":3,"41":0,"42":3,"43":3,"44":3,"45":1,"46":3,"47":1,"48":1,"49":1,"50":1,"51":1,"52":1,"53":1,"54":1,"55":1,"56":1,"57":0,"58":1,"59":6,"60":6,"61":1,"62":2,"63":0,"64":2,"65":1,"66":1,"67":0,"68":0,"69":0,"70":0,"71":0,"72":0,"73":0,"74":0,"75":0,"76":0,"77":0,"78":0,"79":0,"80":0,"81":0,"82":0,"83":0},"b":{"1":[2,1,1,1],"2":[1,1,1,1],"3":[1,1],"4":[2,2],"5":[1,1],"6":[1,1],"7":[2,0],"8":[2,1,1,1,1,1],"9":[0,2,0],"10":[1,1],"11":[2,1,1],"12":[1,0],"13":[0,2],"14":[2,0,0,0,0,0,0],"15":[0,3],"16":[3,0],"17":[1,1],"18":[0,1],"19":[1,2,0,2],"20":[1,0],"21":[1,1],"22":[0,0],"23":[0,0],"24":[0,0],"25":[0,0],"26":[0,0],"27":[0,0],"28":[0,0]},"f":{"1":2,"2":2,"3":2,"4":2,"5":2,"6":2,"7":3,"8":3,"9":3,"10":1,"11":6,"12":0},"fnMap":{"1":{"name":"(anonymous_1)","line":26,"loc":{"start":{"line":26,"column":1},"end":{"line":26,"column":13}}},"2":{"name":"(anonymous_2)","line":33,"loc":{"start":{"line":33,"column":5},"end":{"line":33,"column":17}}},"3":{"name":"(anonymous_3)","line":37,"loc":{"start":{"line":37,"column":24},"end":{"line":37,"column":36}}},"4":{"name":"(anonymous_4)","line":69,"loc":{"start":{"line":69,"column":31},"end":{"line":69,"column":48}},"skip":true},"5":{"name":"(anonymous_5)","line":78,"loc":{"start":{"line":78,"column":26},"end":{"line":78,"column":45}},"skip":true},"6":{"name":"(anonymous_6)","line":123,"loc":{"start":{"line":123,"column":33},"end":{"line":123,"column":48}},"skip":true},"7":{"name":"(anonymous_7)","line":125,"loc":{"start":{"line":125,"column":27},"end":{"line":125,"column":39}},"skip":true},"8":{"name":"(anonymous_8)","line":133,"loc":{"start":{"line":133,"column":59},"end":{"line":133,"column":74}},"skip":true},"9":{"name":"(anonymous_9)","line":143,"loc":{"start":{"line":143,"column":45},"end":{"line":143,"column":62}},"skip":true},"10":{"name":"(anonymous_10)","line":144,"loc":{"start":{"line":144,"column":73},"end":{"line":144,"column":92}},"skip":true},"11":{"name":"(anonymous_11)","line":272,"loc":{"start":{"line":272,"column":51},"end":{"line":272,"column":77}},"skip":true},"12":{"name":"(anonymous_12)","line":315,"loc":{"start":{"line":315,"column":32},"end":{"line":315,"column":61}},"skip":true}},"statementMap":{"1":{"start":{"line":26,"column":0},"end":{"line":326,"column":5}},"2":{"start":{"line":28,"column":4},"end":{"line":28,"column":14}},"3":{"start":{"line":33,"column":4},"end":{"line":60,"column":9}},"4":{"start":{"line":35,"column":8},"end":{"line":35,"column":19}},"5":{"start":{"line":37,"column":8},"end":{"line":49,"column":13}},"6":{"start":{"line":38,"column":12},"end":{"line":48,"column":13}},"7":{"start":{"line":39,"column":16},"end":{"line":42,"column":30}},"8":{"start":{"line":44,"column":16},"end":{"line":47,"column":27}},"9":{"start":{"line":51,"column":8},"end":{"line":53,"column":21}},"10":{"start":{"line":55,"column":8},"end":{"line":57,"column":45}},"11":{"start":{"line":59,"column":8},"end":{"line":59,"column":35}},"12":{"start":{"line":61,"column":4},"end":{"line":325,"column":5}},"13":{"start":{"line":69,"column":8},"end":{"line":121,"column":10},"skip":true},"14":{"start":{"line":70,"column":12},"end":{"line":88,"column":13},"skip":true},"15":{"start":{"line":76,"column":16},"end":{"line":87,"column":19},"skip":true},"16":{"start":{"line":79,"column":20},"end":{"line":86,"column":21},"skip":true},"17":{"start":{"line":82,"column":24},"end":{"line":82,"column":43},"skip":true},"18":{"start":{"line":83,"column":24},"end":{"line":83,"column":30},"skip":true},"19":{"start":{"line":85,"column":24},"end":{"line":85,"column":49},"skip":true},"20":{"start":{"line":89,"column":12},"end":{"line":107,"column":13},"skip":true},"21":{"start":{"line":92,"column":16},"end":{"line":102,"column":17},"skip":true},"22":{"start":{"line":93,"column":20},"end":{"line":93,"column":86},"skip":true},"23":{"start":{"line":94,"column":20},"end":{"line":95,"column":45},"skip":true},"24":{"start":{"line":96,"column":20},"end":{"line":96,"column":42},"skip":true},"25":{"start":{"line":97,"column":20},"end":{"line":97,"column":48},"skip":true},"26":{"start":{"line":100,"column":20},"end":{"line":100,"column":85},"skip":true},"27":{"start":{"line":101,"column":20},"end":{"line":101,"column":96},"skip":true},"28":{"start":{"line":103,"column":16},"end":{"line":103,"column":22},"skip":true},"29":{"start":{"line":106,"column":16},"end":{"line":106,"column":22},"skip":true},"30":{"start":{"line":108,"column":12},"end":{"line":120,"column":13},"skip":true},"31":{"start":{"line":114,"column":16},"end":{"line":119,"column":17},"skip":true},"32":{"start":{"line":116,"column":20},"end":{"line":116,"column":78},"skip":true},"33":{"start":{"line":118,"column":20},"end":{"line":118,"column":47},"skip":true},"34":{"start":{"line":123,"column":8},"end":{"line":141,"column":11},"skip":true},"35":{"start":{"line":124,"column":12},"end":{"line":124,"column":54},"skip":true},"36":{"start":{"line":125,"column":12},"end":{"line":140,"column":14},"skip":true},"37":{"start":{"line":126,"column":16},"end":{"line":126,"column":28},"skip":true},"38":{"start":{"line":127,"column":16},"end":{"line":127,"column":69},"skip":true},"39":{"start":{"line":128,"column":16},"end":{"line":128,"column":75},"skip":true},"40":{"start":{"line":129,"column":16},"end":{"line":131,"column":17},"skip":true},"41":{"start":{"line":130,"column":20},"end":{"line":130,"column":27},"skip":true},"42":{"start":{"line":133,"column":16},"end":{"line":137,"column":36},"skip":true},"43":{"start":{"line":134,"column":20},"end":{"line":136,"column":55},"skip":true},"44":{"start":{"line":139,"column":16},"end":{"line":139,"column":57},"skip":true},"45":{"start":{"line":143,"column":8},"end":{"line":147,"column":11},"skip":true},"46":{"start":{"line":144,"column":12},"end":{"line":146,"column":15},"skip":true},"47":{"start":{"line":145,"column":16},"end":{"line":145,"column":70},"skip":true},"48":{"start":{"line":149,"column":8},"end":{"line":149,"column":31},"skip":true},"49":{"start":{"line":150,"column":8},"end":{"line":150,"column":14},"skip":true},"50":{"start":{"line":158,"column":8},"end":{"line":158,"column":31},"skip":true},"51":{"start":{"line":160,"column":8},"end":{"line":160,"column":33},"skip":true},"52":{"start":{"line":161,"column":8},"end":{"line":161,"column":37},"skip":true},"53":{"start":{"line":162,"column":8},"end":{"line":162,"column":35},"skip":true},"54":{"start":{"line":164,"column":8},"end":{"line":164,"column":50},"skip":true},"55":{"start":{"line":166,"column":8},"end":{"line":256,"column":2},"skip":true},"56":{"start":{"line":258,"column":8},"end":{"line":286,"column":9},"skip":true},"57":{"start":{"line":259,"column":12},"end":{"line":269,"column":14},"skip":true},"58":{"start":{"line":271,"column":12},"end":{"line":285,"column":19},"skip":true},"59":{"start":{"line":274,"column":20},"end":{"line":274,"column":35},"skip":true},"60":{"start":{"line":275,"column":20},"end":{"line":284,"column":21},"skip":true},"61":{"start":{"line":277,"column":24},"end":{"line":277,"column":64},"skip":true},"62":{"start":{"line":279,"column":24},"end":{"line":279,"column":40},"skip":true},"63":{"start":{"line":281,"column":24},"end":{"line":281,"column":40},"skip":true},"64":{"start":{"line":283,"column":24},"end":{"line":283,"column":39},"skip":true},"65":{"start":{"line":288,"column":8},"end":{"line":290,"column":9},"skip":true},"66":{"start":{"line":289,"column":12},"end":{"line":289,"column":18},"skip":true},"67":{"start":{"line":291,"column":8},"end":{"line":293,"column":54},"skip":true},"68":{"start":{"line":296,"column":8},"end":{"line":301,"column":37},"skip":true},"69":{"start":{"line":303,"column":8},"end":{"line":303,"column":82},"skip":true},"70":{"start":{"line":306,"column":8},"end":{"line":308,"column":9},"skip":true},"71":{"start":{"line":307,"column":12},"end":{"line":307,"column":82},"skip":true},"72":{"start":{"line":310,"column":8},"end":{"line":312,"column":9},"skip":true},"73":{"start":{"line":311,"column":12},"end":{"line":311,"column":18},"skip":true},"74":{"start":{"line":313,"column":8},"end":{"line":313,"column":54},"skip":true},"75":{"start":{"line":314,"column":8},"end":{"line":314,"column":69},"skip":true},"76":{"start":{"line":315,"column":8},"end":{"line":323,"column":36},"skip":true},"77":{"start":{"line":316,"column":12},"end":{"line":316,"column":61},"skip":true},"78":{"start":{"line":317,"column":12},"end":{"line":320,"column":13},"skip":true},"79":{"start":{"line":318,"column":16},"end":{"line":318,"column":75},"skip":true},"80":{"start":{"line":319,"column":16},"end":{"line":319,"column":23},"skip":true},"81":{"start":{"line":321,"column":12},"end":{"line":321,"column":38},"skip":true},"82":{"start":{"line":322,"column":12},"end":{"line":322,"column":27},"skip":true},"83":{"start":{"line":324,"column":8},"end":{"line":324,"column":14},"skip":true}},"branchMap":{"1":{"line":39,"type":"binary-expr","locations":[{"start":{"line":39,"column":23},"end":{"line":39,"column":62}},{"start":{"line":40,"column":20},"end":{"line":40,"column":70}},{"start":{"line":41,"column":20},"end":{"line":41,"column":71}},{"start":{"line":42,"column":20},"end":{"line":42,"column":29}}]},"2":{"line":44,"type":"binary-expr","locations":[{"start":{"line":44,"column":23},"end":{"line":44,"column":37}},{"start":{"line":45,"column":20},"end":{"line":45,"column":61}},{"start":{"line":46,"column":20},"end":{"line":46,"column":70}},{"start":{"line":47,"column":20},"end":{"line":47,"column":26}}]},"3":{"line":51,"type":"cond-expr","locations":[{"start":{"line":52,"column":14},"end":{"line":52,"column":20}},{"start":{"line":53,"column":14},"end":{"line":53,"column":20}}]},"4":{"line":55,"type":"binary-expr","locations":[{"start":{"line":55,"column":16},"end":{"line":55,"column":44}},{"start":{"line":55,"column":49},"end":{"line":57,"column":43}}]},"5":{"line":55,"type":"cond-expr","locations":[{"start":{"line":56,"column":14},"end":{"line":56,"column":48}},{"start":{"line":57,"column":14},"end":{"line":57,"column":43}}]},"6":{"line":61,"type":"switch","locations":[{"start":{"line":68,"column":4},"end":{"line":150,"column":14},"skip":true},{"start":{"line":156,"column":4},"end":{"line":324,"column":14},"skip":true}]},"7":{"line":70,"type":"if","locations":[{"start":{"line":70,"column":12},"end":{"line":70,"column":12},"skip":true},{"start":{"line":70,"column":12},"end":{"line":70,"column":12},"skip":true}]},"8":{"line":70,"type":"binary-expr","locations":[{"start":{"line":70,"column":16},"end":{"line":70,"column":22},"skip":true},{"start":{"line":70,"column":27},"end":{"line":70,"column":32},"skip":true},{"start":{"line":71,"column":20},"end":{"line":71,"column":39},"skip":true},{"start":{"line":72,"column":20},"end":{"line":72,"column":49},"skip":true},{"start":{"line":73,"column":20},"end":{"line":73,"column":58},"skip":true},{"start":{"line":74,"column":20},"end":{"line":74,"column":69},"skip":true}]},"9":{"line":79,"type":"switch","locations":[{"start":{"line":80,"column":20},"end":{"line":80,"column":33},"skip":true},{"start":{"line":81,"column":20},"end":{"line":83,"column":30},"skip":true},{"start":{"line":84,"column":20},"end":{"line":85,"column":49},"skip":true}]},"10":{"line":89,"type":"switch","locations":[{"start":{"line":90,"column":12},"end":{"line":103,"column":22},"skip":true},{"start":{"line":105,"column":12},"end":{"line":106,"column":22},"skip":true}]},"11":{"line":89,"type":"binary-expr","locations":[{"start":{"line":89,"column":20},"end":{"line":89,"column":25},"skip":true},{"start":{"line":89,"column":29},"end":{"line":89,"column":48},"skip":true},{"start":{"line":89,"column":52},"end":{"line":89,"column":74},"skip":true}]},"12":{"line":92,"type":"if","locations":[{"start":{"line":92,"column":16},"end":{"line":92,"column":16},"skip":true},{"start":{"line":92,"column":16},"end":{"line":92,"column":16},"skip":true}]},"13":{"line":108,"type":"if","locations":[{"start":{"line":108,"column":12},"end":{"line":108,"column":12},"skip":true},{"start":{"line":108,"column":12},"end":{"line":108,"column":12},"skip":true}]},"14":{"line":108,"type":"binary-expr","locations":[{"start":{"line":108,"column":16},"end":{"line":108,"column":61},"skip":true},{"start":{"line":108,"column":66},"end":{"line":108,"column":72},"skip":true},{"start":{"line":108,"column":77},"end":{"line":108,"column":82},"skip":true},{"start":{"line":109,"column":20},"end":{"line":109,"column":39},"skip":true},{"start":{"line":110,"column":20},"end":{"line":110,"column":49},"skip":true},{"start":{"line":111,"column":20},"end":{"line":111,"column":58},"skip":true},{"start":{"line":112,"column":20},"end":{"line":112,"column":68},"skip":true}]},"15":{"line":129,"type":"if","locations":[{"start":{"line":129,"column":16},"end":{"line":129,"column":16},"skip":true},{"start":{"line":129,"column":16},"end":{"line":129,"column":16},"skip":true}]},"16":{"line":134,"type":"cond-expr","locations":[{"start":{"line":135,"column":26},"end":{"line":135,"column":29},"skip":true},{"start":{"line":136,"column":26},"end":{"line":136,"column":54},"skip":true}]},"17":{"line":164,"type":"binary-expr","locations":[{"start":{"line":164,"column":27},"end":{"line":164,"column":43},"skip":true},{"start":{"line":164,"column":47},"end":{"line":164,"column":49},"skip":true}]},"18":{"line":258,"type":"if","locations":[{"start":{"line":258,"column":8},"end":{"line":258,"column":8},"skip":true},{"start":{"line":258,"column":8},"end":{"line":258,"column":8},"skip":true}]},"19":{"line":275,"type":"switch","locations":[{"start":{"line":276,"column":20},"end":{"line":277,"column":64},"skip":true},{"start":{"line":278,"column":20},"end":{"line":279,"column":40},"skip":true},{"start":{"line":280,"column":20},"end":{"line":281,"column":40},"skip":true},{"start":{"line":282,"column":20},"end":{"line":283,"column":39},"skip":true}]},"20":{"line":288,"type":"if","locations":[{"start":{"line":288,"column":8},"end":{"line":288,"column":8},"skip":true},{"start":{"line":288,"column":8},"end":{"line":288,"column":8},"skip":true}]},"21":{"line":288,"type":"binary-expr","locations":[{"start":{"line":288,"column":12},"end":{"line":288,"column":40},"skip":true},{"start":{"line":288,"column":44},"end":{"line":288,"column":67},"skip":true}]},"22":{"line":292,"type":"binary-expr","locations":[{"start":{"line":292,"column":12},"end":{"line":292,"column":50},"skip":true},{"start":{"line":293,"column":12},"end":{"line":293,"column":53},"skip":true}]},"23":{"line":297,"type":"binary-expr","locations":[{"start":{"line":297,"column":12},"end":{"line":297,"column":62},"skip":true},{"start":{"line":298,"column":12},"end":{"line":301,"column":36},"skip":true}]},"24":{"line":303,"type":"binary-expr","locations":[{"start":{"line":303,"column":43},"end":{"line":303,"column":75},"skip":true},{"start":{"line":303,"column":79},"end":{"line":303,"column":81},"skip":true}]},"25":{"line":306,"type":"if","locations":[{"start":{"line":306,"column":8},"end":{"line":306,"column":8},"skip":true},{"start":{"line":306,"column":8},"end":{"line":306,"column":8},"skip":true}]},"26":{"line":310,"type":"if","locations":[{"start":{"line":310,"column":8},"end":{"line":310,"column":8},"skip":true},{"start":{"line":310,"column":8},"end":{"line":310,"column":8},"skip":true}]},"27":{"line":313,"type":"binary-expr","locations":[{"start":{"line":313,"column":27},"end":{"line":313,"column":43},"skip":true},{"start":{"line":313,"column":47},"end":{"line":313,"column":53},"skip":true}]},"28":{"line":317,"type":"if","locations":[{"start":{"line":317,"column":12},"end":{"line":317,"column":12},"skip":true},{"start":{"line":317,"column":12},"end":{"line":317,"column":12},"skip":true}]}},"code":["/*","example.js","","quickstart example","","instruction","    1. save this script as example.js","    2. run the shell command:","        $ npm install npmtest-jsbn && PORT=8081 node example.js","    3. play with the browser-demo on http://127.0.0.1:8081","*/","","","","/* istanbul instrument in package npmtest_jsbn */","/*jslint","    bitwise: true,","    browser: true,","    maxerr: 8,","    maxlen: 96,","    node: true,","    nomen: true,","    regexp: true,","    stupid: true","*/","(function () {","    'use strict';","    var local;","","","","    // run shared js-env code - pre-init","    (function () {","        // init local","        local = {};","        // init modeJs","        local.modeJs = (function () {","            try {","                return typeof navigator.userAgent === 'string' &&","                    typeof document.querySelector('body') === 'object' &&","                    typeof XMLHttpRequest.prototype.open === 'function' &&","                    'browser';","            } catch (errorCaughtBrowser) {","                return module.exports &&","                    typeof process.versions.node === 'string' &&","                    typeof require('http').createServer === 'function' &&","                    'node';","            }","        }());","        // init global","        local.global = local.modeJs === 'browser'","            ? window","            : global;","        // init utility2_rollup","        local = local.global.utility2_rollup || (local.modeJs === 'browser'","            ? local.global.utility2_npmtest_jsbn","            : global.utility2_moduleExports);","        // export local","        local.global.local = local;","    }());","    switch (local.modeJs) {","","","","    // post-init","    // run browser js-env code - post-init","    /* istanbul ignore next */","    case 'browser':","        local.testRunBrowser = function (event) {","            if (!event || (event &&","                    event.currentTarget &&","                    event.currentTarget.className &&","                    event.currentTarget.className.includes &&","                    event.currentTarget.className.includes('onreset'))) {","                // reset output","                Array.from(","                    document.querySelectorAll('body > .resettable')","                ).forEach(function (element) {","                    switch (element.tagName) {","                    case 'INPUT':","                    case 'TEXTAREA':","                        element.value = '';","                        break;","                    default:","                        element.textContent = '';","                    }","                });","            }","            switch (event && event.currentTarget && event.currentTarget.id) {","            case 'testRunButton1':","                // show tests","                if (document.querySelector('#testReportDiv1').style.display === 'none') {","                    document.querySelector('#testReportDiv1').style.display = 'block';","                    document.querySelector('#testRunButton1').textContent =","                        'hide internal test';","                    local.modeTest = true;","                    local.testRunDefault(local);","                // hide tests","                } else {","                    document.querySelector('#testReportDiv1').style.display = 'none';","                    document.querySelector('#testRunButton1').textContent = 'run internal test';","                }","                break;","            // custom-case","            default:","                break;","            }","            if (document.querySelector('#inputTextareaEval1') && (!event || (event &&","                    event.currentTarget &&","                    event.currentTarget.className &&","                    event.currentTarget.className.includes &&","                    event.currentTarget.className.includes('oneval')))) {","                // try to eval input-code","                try {","                    /*jslint evil: true*/","                    eval(document.querySelector('#inputTextareaEval1').value);","                } catch (errorCaught) {","                    console.error(errorCaught);","                }","            }","        };","        // log stderr and stdout to #outputTextareaStdout1","        ['error', 'log'].forEach(function (key) {","            console[key + '_original'] = console[key];","            console[key] = function () {","                var element;","                console[key + '_original'].apply(console, arguments);","                element = document.querySelector('#outputTextareaStdout1');","                if (!element) {","                    return;","                }","                // append text to #outputTextareaStdout1","                element.value += Array.from(arguments).map(function (arg) {","                    return typeof arg === 'string'","                        ? arg","                        : JSON.stringify(arg, null, 4);","                }).join(' ') + '\\n';","                // scroll textarea to bottom","                element.scrollTop = element.scrollHeight;","            };","        });","        // init event-handling","        ['change', 'click', 'keyup'].forEach(function (event) {","            Array.from(document.querySelectorAll('.on' + event)).forEach(function (element) {","                element.addEventListener(event, local.testRunBrowser);","            });","        });","        // run tests","        local.testRunBrowser();","        break;","","","","    // run node js-env code - post-init","    /* istanbul ignore next */","    case 'node':","        // export local","        module.exports = local;","        // require modules","        local.fs = require('fs');","        local.http = require('http');","        local.url = require('url');","        // init assets","        local.assetsDict = local.assetsDict || {};","        /* jslint-ignore-begin */","        local.assetsDict['/assets.index.template.html'] = '\\","<!doctype html>\\n\\","<html lang=\"en\">\\n\\","<head>\\n\\","<meta charset=\"UTF-8\">\\n\\","<meta name=\"viewport\" content=\"width=device-width, initial-scale=1\">\\n\\","<title>{{env.npm_package_name}} (v{{env.npm_package_version}})</title>\\n\\","<style>\\n\\","/*csslint\\n\\","    box-sizing: false,\\n\\","    universal-selector: false\\n\\","*/\\n\\","* {\\n\\","    box-sizing: border-box;\\n\\","}\\n\\","body {\\n\\","    background: #dde;\\n\\","    font-family: Arial, Helvetica, sans-serif;\\n\\","    margin: 2rem;\\n\\","}\\n\\","body > * {\\n\\","    margin-bottom: 1rem;\\n\\","}\\n\\",".utility2FooterDiv {\\n\\","    margin-top: 20px;\\n\\","    text-align: center;\\n\\","}\\n\\","</style>\\n\\","<style>\\n\\","/*csslint\\n\\","*/\\n\\","textarea {\\n\\","    font-family: monospace;\\n\\","    height: 10rem;\\n\\","    width: 100%;\\n\\","}\\n\\","textarea[readonly] {\\n\\","    background: #ddd;\\n\\","}\\n\\","</style>\\n\\","</head>\\n\\","<body>\\n\\","<!-- utility2-comment\\n\\","<div id=\"ajaxProgressDiv1\" style=\"background: #d00; height: 2px; left: 0; margin: 0; padding: 0; position: fixed; top: 0; transition: background 0.5s, width 1.5s; width: 25%;\"></div>\\n\\","utility2-comment -->\\n\\","<h1>\\n\\","<!-- utility2-comment\\n\\","    <a\\n\\","        {{#if env.npm_package_homepage}}\\n\\","        href=\"{{env.npm_package_homepage}}\"\\n\\","        {{/if env.npm_package_homepage}}\\n\\","        target=\"_blank\"\\n\\","    >\\n\\","utility2-comment -->\\n\\","        {{env.npm_package_name}} (v{{env.npm_package_version}})\\n\\","<!-- utility2-comment\\n\\","    </a>\\n\\","utility2-comment -->\\n\\","</h1>\\n\\","<h3>{{env.npm_package_description}}</h3>\\n\\","<!-- utility2-comment\\n\\","<h4><a download href=\"assets.app.js\">download standalone app</a></h4>\\n\\","<button class=\"onclick onreset\" id=\"testRunButton1\">run internal test</button><br>\\n\\","<div id=\"testReportDiv1\" style=\"display: none;\"></div>\\n\\","utility2-comment -->\\n\\","\\n\\","\\n\\","\\n\\","<label>stderr and stdout</label>\\n\\","<textarea class=\"resettable\" id=\"outputTextareaStdout1\" readonly></textarea>\\n\\","<!-- utility2-comment\\n\\","{{#if isRollup}}\\n\\","<script src=\"assets.app.js\"></script>\\n\\","{{#unless isRollup}}\\n\\","utility2-comment -->\\n\\","<script src=\"assets.utility2.rollup.js\"></script>\\n\\","<script src=\"jsonp.utility2._stateInit?callback=window.utility2._stateInit\"></script>\\n\\","<script src=\"assets.npmtest_jsbn.rollup.js\"></script>\\n\\","<script src=\"assets.example.js\"></script>\\n\\","<script src=\"assets.test.js\"></script>\\n\\","<!-- utility2-comment\\n\\","{{/if isRollup}}\\n\\","utility2-comment -->\\n\\","<div class=\"utility2FooterDiv\">\\n\\","    [ this app was created with\\n\\","    <a href=\"https://github.com/kaizhu256/node-utility2\" target=\"_blank\">utility2</a>\\n\\","    ]\\n\\","</div>\\n\\","</body>\\n\\","</html>\\n\\","';","        /* jslint-ignore-end */","        if (local.templateRender) {","            local.assetsDict['/'] = local.templateRender(","                local.assetsDict['/assets.index.template.html'],","                {","                    env: local.objectSetDefault(local.env, {","                        npm_package_description: 'the greatest app in the world!',","                        npm_package_name: 'my-app',","                        npm_package_nameAlias: 'my_app',","                        npm_package_version: '0.0.1'","                    })","                }","            );","        } else {","            local.assetsDict['/'] = local.assetsDict['/assets.index.template.html']","                .replace((/\\{\\{env\\.(\\w+?)\\}\\}/g), function (match0, match1) {","                    // jslint-hack","                    String(match0);","                    switch (match1) {","                    case 'npm_package_description':","                        return 'the greatest app in the world!';","                    case 'npm_package_name':","                        return 'my-app';","                    case 'npm_package_nameAlias':","                        return 'my_app';","                    case 'npm_package_version':","                        return '0.0.1';","                    }","                });","        }","        // run the cli","        if (local.global.utility2_rollup || module !== require.main) {","            break;","        }","        local.assetsDict['/assets.example.js'] =","            local.assetsDict['/assets.example.js'] ||","            local.fs.readFileSync(__filename, 'utf8');","        // bug-workaround - long $npm_package_buildCustomOrg","        /* jslint-ignore-begin */","        local.assetsDict['/assets.npmtest_jsbn.rollup.js'] =","            local.assetsDict['/assets.npmtest_jsbn.rollup.js'] ||","            local.fs.readFileSync(","                local.npmtest_jsbn.__dirname + '/lib.npmtest_jsbn.js',","                'utf8'","            ).replace((/^#!/), '//');","        /* jslint-ignore-end */","        local.assetsDict['/favicon.ico'] = local.assetsDict['/favicon.ico'] || '';","        // if $npm_config_timeout_exit exists,","        // then exit this process after $npm_config_timeout_exit ms","        if (Number(process.env.npm_config_timeout_exit)) {","            setTimeout(process.exit, Number(process.env.npm_config_timeout_exit));","        }","        // start server","        if (local.global.utility2_serverHttp1) {","            break;","        }","        process.env.PORT = process.env.PORT || '8081';","        console.error('server starting on port ' + process.env.PORT);","        local.http.createServer(function (request, response) {","            request.urlParsed = local.url.parse(request.url);","            if (local.assetsDict[request.urlParsed.pathname] !== undefined) {","                response.end(local.assetsDict[request.urlParsed.pathname]);","                return;","            }","            response.statusCode = 404;","            response.end();","        }).listen(process.env.PORT);","        break;","    }","}());",""],"l":{"26":2,"28":2,"33":2,"35":2,"37":2,"38":2,"39":2,"44":1,"51":2,"55":2,"59":2,"61":2,"69":1,"70":2,"76":2,"79":2,"82":2,"83":2,"85":1,"89":2,"92":1,"93":1,"94":1,"96":1,"97":1,"100":1,"101":1,"103":1,"106":1,"108":2,"114":1,"116":1,"118":1,"123":1,"124":2,"125":2,"126":3,"127":3,"128":3,"129":3,"130":1,"133":3,"134":3,"139":3,"143":1,"144":3,"145":1,"149":1,"150":1,"158":1,"160":1,"161":1,"162":1,"164":1,"166":1,"258":1,"259":1,"271":1,"274":6,"275":6,"277":1,"279":2,"281":1,"283":2,"288":1,"289":1,"291":1,"296":1,"303":1,"306":1,"307":1,"310":1,"311":1,"313":1,"314":1,"315":1,"316":1,"317":1,"318":1,"319":1,"321":1,"322":1,"324":1}},"/home/travis/build/npmtest/node-npmtest-jsbn/node_modules/jsbn/index.js":{"path":"/home/travis/build/npmtest/node-npmtest-jsbn/node_modules/jsbn/index.js","s":{"1":1,"2":1,"3":1,"4":1,"5":1,"6":2,"7":0,"8":0,"9":0,"10":0,"11":0,"12":1,"13":2,"14":1,"15":0,"16":0,"17":0,"18":0,"19":0,"20":1,"21":0,"22":0,"23":0,"24":0,"25":0,"26":0,"27":0,"28":0,"29":0,"30":1,"31":0,"32":0,"33":0,"34":0,"35":0,"36":0,"37":0,"38":0,"39":0,"40":1,"41":1,"42":0,"43":0,"44":1,"45":0,"46":0,"47":1,"48":1,"49":1,"50":1,"51":1,"52":1,"53":1,"54":1,"55":1,"56":1,"57":1,"58":1,"59":1,"60":1,"61":10,"62":1,"63":1,"64":26,"65":1,"66":1,"67":26,"68":1,"69":0,"70":1,"71":0,"72":0,"73":1,"74":0,"75":0,"76":0,"77":0,"78":1,"79":2,"80":2,"81":2,"82":1,"83":1,"84":0,"85":1,"86":1,"87":2,"88":2,"89":2,"90":1,"91":0,"92":0,"93":0,"94":0,"95":0,"96":0,"97":0,"98":0,"99":0,"100":0,"101":0,"102":0,"103":0,"104":0,"105":0,"106":0,"107":0,"108":0,"109":0,"110":0,"111":0,"112":0,"113":0,"114":0,"115":0,"116":0,"117":0,"118":0,"119":0,"120":0,"121":0,"122":0,"123":0,"124":0,"125":0,"126":0,"127":0,"128":0,"129":0,"130":0,"131":0,"132":1,"133":0,"134":0,"135":0,"136":1,"137":0,"138":0,"139":0,"140":0,"141":0,"142":0,"143":0,"144":0,"145":0,"146":0,"147":0,"148":0,"149":0,"150":0,"151":0,"152":0,"153":0,"154":0,"155":0,"156":0,"157":0,"158":0,"159":0,"160":0,"161":0,"162":0,"163":0,"164":0,"165":0,"166":0,"167":0,"168":0,"169":0,"170":1,"171":0,"172":0,"173":0,"174":1,"175":0,"176":1,"177":0,"178":0,"179":0,"180":0,"181":0,"182":0,"183":0,"184":0,"185":0,"186":0,"187":0,"188":1,"189":0,"190":0,"191":0,"192":0,"193":0,"194":0,"195":0,"196":0,"197":0,"198":0,"199":0,"200":0,"201":0,"202":0,"203":0,"204":0,"205":0,"206":1,"207":0,"208":0,"209":0,"210":1,"211":0,"212":0,"213":0,"214":0,"215":0,"216":0,"217":0,"218":1,"219":0,"220":0,"221":0,"222":0,"223":1,"224":0,"225":0,"226":0,"227":0,"228":0,"229":0,"230":0,"231":0,"232":0,"233":0,"234":0,"235":0,"236":0,"237":1,"238":0,"239":0,"240":0,"241":0,"242":0,"243":0,"244":0,"245":0,"246":0,"247":0,"248":0,"249":0,"250":0,"251":0,"252":0,"253":0,"254":1,"255":0,"256":0,"257":0,"258":0,"259":0,"260":0,"261":0,"262":0,"263":0,"264":0,"265":0,"266":0,"267":0,"268":0,"269":0,"270":0,"271":0,"272":0,"273":0,"274":0,"275":0,"276":0,"277":0,"278":0,"279":0,"280":1,"281":0,"282":0,"283":0,"284":0,"285":0,"286":0,"287":0,"288":0,"289":0,"290":0,"291":0,"292":1,"293":0,"294":0,"295":0,"296":0,"297":0,"298":0,"299":0,"300":0,"301":0,"302":0,"303":0,"304":0,"305":0,"306":1,"307":0,"308":0,"309":0,"310":0,"311":0,"312":0,"313":0,"314":0,"315":0,"316":0,"317":0,"318":0,"319":0,"320":0,"321":0,"322":0,"323":0,"324":0,"325":0,"326":0,"327":0,"328":0,"329":0,"330":0,"331":0,"332":0,"333":0,"334":0,"335":0,"336":0,"337":0,"338":0,"339":0,"340":0,"341":0,"342":0,"343":0,"344":0,"345":0,"346":0,"347":0,"348":0,"349":0,"350":0,"351":0,"352":0,"353":0,"354":0,"355":0,"356":0,"357":0,"358":1,"359":0,"360":0,"361":0,"362":0,"363":0,"364":1,"365":0,"366":1,"367":0,"368":0,"369":0,"370":1,"371":0,"372":1,"373":0,"374":1,"375":0,"376":0,"377":1,"378":0,"379":0,"380":1,"381":1,"382":1,"383":1,"384":1,"385":1,"386":0,"387":0,"388":0,"389":0,"390":0,"391":0,"392":0,"393":0,"394":0,"395":0,"396":0,"397":1,"398":0,"399":0,"400":0,"401":0,"402":0,"403":0,"404":1,"405":0,"406":0,"407":0,"408":0,"409":0,"410":0,"411":1,"412":0,"413":0,"414":0,"415":0,"416":1,"417":0,"418":0,"419":0,"420":0,"421":0,"422":0,"423":0,"424":0,"425":0,"426":0,"427":0,"428":0,"429":0,"430":0,"431":1,"432":0,"433":0,"434":1,"435":0,"436":0,"437":1,"438":1,"439":1,"440":1,"441":1,"442":1,"443":0,"444":1,"445":0,"446":0,"447":0,"448":0,"449":0,"450":0,"451":0,"452":0,"453":0,"454":0,"455":0,"456":0,"457":1,"458":0,"459":0,"460":0,"461":0,"462":0,"463":1,"464":1,"465":1,"466":1,"467":1,"468":1,"469":1,"470":1,"471":1,"472":1,"473":1,"474":1,"475":1,"476":1,"477":1,"478":1,"479":1,"480":1,"481":1,"482":1,"483":1,"484":1,"485":1,"486":1,"487":1,"488":0,"489":0,"490":0,"491":1,"492":0,"493":0,"494":0,"495":0,"496":0,"497":0,"498":0,"499":0,"500":0,"501":0,"502":1,"503":0,"504":1,"505":0,"506":1,"507":0,"508":1,"509":0,"510":0,"511":0,"512":0,"513":0,"514":1,"515":0,"516":0,"517":0,"518":0,"519":0,"520":0,"521":0,"522":0,"523":0,"524":0,"525":0,"526":0,"527":1,"528":0,"529":0,"530":0,"531":0,"532":0,"533":0,"534":0,"535":0,"536":0,"537":0,"538":0,"539":0,"540":0,"541":0,"542":0,"543":0,"544":0,"545":0,"546":0,"547":0,"548":0,"549":0,"550":1,"551":0,"552":0,"553":0,"554":0,"555":0,"556":0,"557":0,"558":0,"559":0,"560":0,"561":0,"562":0,"563":0,"564":0,"565":0,"566":0,"567":0,"568":0,"569":0,"570":1,"571":0,"572":0,"573":0,"574":0,"575":0,"576":0,"577":0,"578":0,"579":0,"580":0,"581":0,"582":0,"583":0,"584":0,"585":0,"586":0,"587":0,"588":0,"589":0,"590":0,"591":0,"592":1,"593":0,"594":1,"595":0,"596":1,"597":0,"598":1,"599":0,"600":0,"601":0,"602":0,"603":0,"604":0,"605":0,"606":0,"607":0,"608":0,"609":0,"610":0,"611":0,"612":0,"613":1,"614":0,"615":1,"616":0,"617":0,"618":0,"619":1,"620":0,"621":1,"622":0,"623":0,"624":0,"625":1,"626":0,"627":1,"628":0,"629":0,"630":0,"631":1,"632":0,"633":1,"634":0,"635":0,"636":0,"637":1,"638":0,"639":0,"640":0,"641":0,"642":0,"643":0,"644":1,"645":0,"646":0,"647":0,"648":0,"649":0,"650":1,"651":0,"652":0,"653":0,"654":0,"655":0,"656":1,"657":0,"658":0,"659":0,"660":0,"661":0,"662":0,"663":0,"664":0,"665":0,"666":0,"667":0,"668":0,"669":0,"670":0,"671":0,"672":0,"673":0,"674":0,"675":1,"676":0,"677":0,"678":0,"679":0,"680":0,"681":0,"682":1,"683":0,"684":0,"685":0,"686":0,"687":0,"688":1,"689":0,"690":0,"691":0,"692":0,"693":1,"694":0,"695":0,"696":0,"697":0,"698":1,"699":0,"700":0,"701":0,"702":1,"703":0,"704":1,"705":0,"706":1,"707":0,"708":1,"709":0,"710":0,"711":0,"712":0,"713":0,"714":0,"715":0,"716":0,"717":0,"718":0,"719":0,"720":0,"721":0,"722":0,"723":0,"724":0,"725":0,"726":0,"727":0,"728":0,"729":0,"730":0,"731":0,"732":0,"733":0,"734":1,"735":0,"736":0,"737":0,"738":1,"739":0,"740":0,"741":0,"742":1,"743":0,"744":0,"745":0,"746":1,"747":0,"748":0,"749":0,"750":1,"751":0,"752":0,"753":0,"754":1,"755":0,"756":0,"757":0,"758":1,"759":0,"760":0,"761":0,"762":1,"763":0,"764":0,"765":0,"766":1,"767":0,"768":0,"769":0,"770":0,"771":0,"772":0,"773":0,"774":0,"775":0,"776":0,"777":1,"778":1,"779":0,"780":1,"781":0,"782":1,"783":0,"784":1,"785":1,"786":1,"787":1,"788":1,"789":0,"790":1,"791":0,"792":0,"793":0,"794":0,"795":0,"796":0,"797":0,"798":0,"799":0,"800":0,"801":0,"802":1,"803":0,"804":0,"805":0,"806":0,"807":0,"808":0,"809":0,"810":0,"811":0,"812":1,"813":0,"814":0,"815":0,"816":0,"817":0,"818":1,"819":0,"820":0,"821":0,"822":0,"823":0,"824":0,"825":0,"826":0,"827":1,"828":0,"829":1,"830":0,"831":0,"832":0,"833":0,"834":0,"835":0,"836":0,"837":0,"838":0,"839":0,"840":0,"841":1,"842":0,"843":0,"844":1,"845":0,"846":0,"847":1,"848":1,"849":1,"850":1,"851":1,"852":1,"853":0,"854":0,"855":0,"856":0,"857":0,"858":0,"859":0,"860":0,"861":0,"862":0,"863":0,"864":0,"865":0,"866":0,"867":0,"868":0,"869":0,"870":0,"871":0,"872":0,"873":0,"874":0,"875":0,"876":0,"877":0,"878":0,"879":0,"880":0,"881":0,"882":0,"883":0,"884":0,"885":0,"886":0,"887":0,"888":0,"889":0,"890":0,"891":0,"892":0,"893":0,"894":0,"895":0,"896":0,"897":0,"898":0,"899":0,"900":0,"901":0,"902":0,"903":0,"904":0,"905":0,"906":0,"907":0,"908":0,"909":0,"910":0,"911":0,"912":0,"913":0,"914":0,"915":0,"916":1,"917":0,"918":0,"919":0,"920":0,"921":0,"922":0,"923":0,"924":0,"925":0,"926":0,"927":0,"928":0,"929":0,"930":0,"931":0,"932":0,"933":0,"934":0,"935":0,"936":0,"937":0,"938":0,"939":0,"940":0,"941":0,"942":0,"943":0,"944":1,"945":0,"946":0,"947":0,"948":0,"949":0,"950":0,"951":0,"952":0,"953":0,"954":1,"955":0,"956":0,"957":0,"958":0,"959":0,"960":0,"961":0,"962":0,"963":0,"964":0,"965":0,"966":0,"967":0,"968":0,"969":0,"970":0,"971":0,"972":0,"973":0,"974":0,"975":0,"976":0,"977":0,"978":0,"979":0,"980":0,"981":0,"982":0,"983":0,"984":0,"985":0,"986":0,"987":0,"988":0,"989":0,"990":0,"991":0,"992":0,"993":0,"994":0,"995":0,"996":0,"997":0,"998":0,"999":0,"1000":1,"1001":1,"1002":1,"1003":0,"1004":0,"1005":0,"1006":0,"1007":0,"1008":0,"1009":0,"1010":0,"1011":0,"1012":0,"1013":0,"1014":0,"1015":0,"1016":0,"1017":0,"1018":0,"1019":0,"1020":0,"1021":1,"1022":0,"1023":0,"1024":0,"1025":0,"1026":0,"1027":0,"1028":0,"1029":0,"1030":0,"1031":0,"1032":0,"1033":0,"1034":0,"1035":0,"1036":0,"1037":0,"1038":0,"1039":0,"1040":0,"1041":0,"1042":0,"1043":1,"1044":1,"1045":1,"1046":1,"1047":1,"1048":1,"1049":1,"1050":1,"1051":1,"1052":1,"1053":1,"1054":1,"1055":1,"1056":1,"1057":1,"1058":1,"1059":1,"1060":1,"1061":1,"1062":1,"1063":1,"1064":1,"1065":1,"1066":1,"1067":1,"1068":1,"1069":1,"1070":1,"1071":1,"1072":1,"1073":1,"1074":1,"1075":1,"1076":1,"1077":1,"1078":1,"1079":1,"1080":1,"1081":1,"1082":1,"1083":1,"1084":1,"1085":1,"1086":1,"1087":1,"1088":1,"1089":1,"1090":1,"1091":1,"1092":1,"1093":1,"1094":1,"1095":1,"1096":1,"1097":1,"1098":1,"1099":1,"1100":0,"1101":1,"1102":1,"1103":1,"1104":1,"1105":1,"1106":1,"1107":1,"1108":0,"1109":0,"1110":0,"1111":0,"1112":0,"1113":0,"1114":0,"1115":0,"1116":0,"1117":1,"1118":0,"1119":0,"1120":0,"1121":1,"1122":1,"1123":1,"1124":0,"1125":0,"1126":0,"1127":0,"1128":0,"1129":0,"1130":0,"1131":0,"1132":1,"1133":0,"1134":0,"1135":0,"1136":1,"1137":1,"1138":1,"1139":0,"1140":0,"1141":0,"1142":1,"1143":0,"1144":0,"1145":0,"1146":0,"1147":0,"1148":0,"1149":0,"1150":0,"1151":0,"1152":0,"1153":0,"1154":1,"1155":0,"1156":0,"1157":0,"1158":0,"1159":0,"1160":0,"1161":0,"1162":1,"1163":1,"1164":1,"1165":0,"1166":1,"1167":1,"1168":1,"1169":0},"b":{"1":[0,2],"2":[0,0],"3":[0,0],"4":[0,0],"5":[0,1],"6":[1,0,0],"7":[0,1],"8":[1,0,0],"9":[0,0],"10":[0,2],"11":[1,1],"12":[0,1],"13":[0,0],"14":[0,0],"15":[0,0],"16":[0,0],"17":[0,0],"18":[0,0],"19":[0,0],"20":[0,0],"21":[0,0],"22":[0,0],"23":[0,0],"24":[0,0],"25":[0,0],"26":[0,0],"27":[0,0],"28":[0,0],"29":[0,0],"30":[0,0],"31":[0,0],"32":[0,0],"33":[0,0],"34":[0,0],"35":[0,0],"36":[0,0],"37":[0,0],"38":[0,0],"39":[0,0],"40":[0,0],"41":[0,0],"42":[0,0],"43":[0,0],"44":[0,0],"45":[0,0],"46":[0,0],"47":[0,0],"48":[0,0],"49":[0,0],"50":[0,0],"51":[0,0],"52":[0,0],"53":[0,0],"54":[0,0],"55":[0,0],"56":[0,0],"57":[0,0],"58":[0,0],"59":[0,0],"60":[0,0],"61":[0,0],"62":[0,0],"63":[0,0],"64":[0,0],"65":[0,0],"66":[0,0],"67":[0,0],"68":[0,0],"69":[0,0],"70":[0,0],"71":[0,0],"72":[0,0],"73":[0,0],"74":[0,0],"75":[0,0],"76":[0,0],"77":[0,0],"78":[0,0],"79":[0,0],"80":[0,0],"81":[0,0],"82":[0,0],"83":[0,0],"84":[0,0],"85":[0,0],"86":[0,0],"87":[0,0],"88":[0,0],"89":[0,0],"90":[0,0],"91":[0,0],"92":[0,0],"93":[0,0],"94":[0,0],"95":[0,0],"96":[0,0],"97":[0,0],"98":[0,0],"99":[0,0],"100":[0,0],"101":[0,0],"102":[0,0],"103":[0,0],"104":[0,0],"105":[0,0,0],"106":[0,0],"107":[0,0],"108":[0,0,0],"109":[0,0],"110":[0,0],"111":[0,0],"112":[0,0],"113":[0,0],"114":[0,0],"115":[0,0],"116":[0,0],"117":[0,0],"118":[0,0],"119":[0,0],"120":[0,0],"121":[0,0],"122":[0,0],"123":[0,0],"124":[0,0],"125":[0,0],"126":[0,0],"127":[0,0],"128":[0,0],"129":[0,0],"130":[0,0],"131":[0,0],"132":[0,0],"133":[0,0],"134":[0,0],"135":[0,0],"136":[0,0],"137":[0,0],"138":[0,0],"139":[0,0],"140":[0,0],"141":[0,0],"142":[0,0],"143":[0,0],"144":[0,0],"145":[0,0],"146":[0,0],"147":[0,0],"148":[0,0],"149":[0,0],"150":[0,0],"151":[0,0],"152":[0,0],"153":[0,0],"154":[0,0],"155":[0,0],"156":[0,0],"157":[0,0],"158":[0,0],"159":[0,0],"160":[0,0],"161":[0,0],"162":[0,0],"163":[0,0],"164":[0,0],"165":[0,0],"166":[0,0],"167":[0,0],"168":[0,0],"169":[0,0],"170":[0,0],"171":[0,0],"172":[0,0],"173":[0,0],"174":[0,0],"175":[0,0],"176":[0,0],"177":[0,0],"178":[0,0],"179":[0,0],"180":[0,0],"181":[0,0],"182":[0,0],"183":[0,0],"184":[0,0],"185":[0,0],"186":[0,0,0],"187":[0,0],"188":[0,0],"189":[0,0],"190":[0,0],"191":[0,0],"192":[0,0],"193":[0,0],"194":[0,0],"195":[0,0],"196":[0,0],"197":[0,0],"198":[0,0],"199":[0,0],"200":[0,0],"201":[0,0],"202":[0,0],"203":[0,0],"204":[0,0],"205":[0,0],"206":[0,0],"207":[0,0],"208":[0,0],"209":[0,0],"210":[0,0],"211":[0,0],"212":[0,0],"213":[0,0],"214":[0,0],"215":[0,1],"216":[1,0],"217":[0,1],"218":[1,0],"219":[0,0],"220":[0,0],"221":[0,0],"222":[0,0],"223":[1,0]},"f":{"1":1,"2":2,"3":2,"4":0,"5":0,"6":0,"7":0,"8":0,"9":0,"10":2,"11":2,"12":0,"13":0,"14":0,"15":0,"16":0,"17":0,"18":0,"19":0,"20":0,"21":0,"22":0,"23":0,"24":0,"25":0,"26":0,"27":0,"28":0,"29":0,"30":0,"31":0,"32":0,"33":0,"34":0,"35":0,"36":0,"37":0,"38":0,"39":0,"40":0,"41":0,"42":0,"43":0,"44":0,"45":0,"46":0,"47":0,"48":0,"49":0,"50":0,"51":0,"52":0,"53":0,"54":0,"55":0,"56":0,"57":0,"58":0,"59":0,"60":0,"61":0,"62":0,"63":0,"64":0,"65":0,"66":0,"67":0,"68":0,"69":0,"70":0,"71":0,"72":0,"73":0,"74":0,"75":0,"76":0,"77":0,"78":0,"79":0,"80":0,"81":0,"82":0,"83":0,"84":0,"85":0,"86":0,"87":0,"88":0,"89":0,"90":0,"91":0,"92":0,"93":0,"94":0,"95":0,"96":0,"97":0,"98":0,"99":0,"100":0,"101":0,"102":0,"103":0,"104":0,"105":0,"106":0,"107":0,"108":1,"109":1,"110":0,"111":0,"112":0,"113":0,"114":0,"115":0,"116":0},"fnMap":{"1":{"name":"(anonymous_1)","line":1,"loc":{"start":{"line":1,"column":1},"end":{"line":1,"column":11}}},"2":{"name":"BigInteger","line":17,"loc":{"start":{"line":17,"column":4},"end":{"line":17,"column":31}}},"3":{"name":"nbi","line":25,"loc":{"start":{"line":25,"column":4},"end":{"line":25,"column":19}}},"4":{"name":"am1","line":35,"loc":{"start":{"line":35,"column":4},"end":{"line":35,"column":30}}},"5":{"name":"am2","line":46,"loc":{"start":{"line":46,"column":4},"end":{"line":46,"column":30}}},"6":{"name":"am3","line":60,"loc":{"start":{"line":60,"column":4},"end":{"line":60,"column":30}}},"7":{"name":"int2char","line":106,"loc":{"start":{"line":106,"column":4},"end":{"line":106,"column":25}}},"8":{"name":"intAt","line":107,"loc":{"start":{"line":107,"column":4},"end":{"line":107,"column":24}}},"9":{"name":"bnpCopyTo","line":113,"loc":{"start":{"line":113,"column":4},"end":{"line":113,"column":26}}},"10":{"name":"bnpFromInt","line":120,"loc":{"start":{"line":120,"column":4},"end":{"line":120,"column":27}}},"11":{"name":"nbv","line":129,"loc":{"start":{"line":129,"column":4},"end":{"line":129,"column":20}}},"12":{"name":"bnpFromString","line":132,"loc":{"start":{"line":132,"column":4},"end":{"line":132,"column":32}}},"13":{"name":"bnpClamp","line":171,"loc":{"start":{"line":171,"column":4},"end":{"line":171,"column":24}}},"14":{"name":"bnToString","line":177,"loc":{"start":{"line":177,"column":4},"end":{"line":177,"column":27}}},"15":{"name":"bnNegate","line":207,"loc":{"start":{"line":207,"column":4},"end":{"line":207,"column":24}}},"16":{"name":"bnAbs","line":210,"loc":{"start":{"line":210,"column":4},"end":{"line":210,"column":21}}},"17":{"name":"bnCompareTo","line":213,"loc":{"start":{"line":213,"column":4},"end":{"line":213,"column":28}}},"18":{"name":"nbits","line":224,"loc":{"start":{"line":224,"column":4},"end":{"line":224,"column":22}}},"19":{"name":"bnBitLength","line":235,"loc":{"start":{"line":235,"column":4},"end":{"line":235,"column":27}}},"20":{"name":"bnpDLShiftTo","line":241,"loc":{"start":{"line":241,"column":4},"end":{"line":241,"column":31}}},"21":{"name":"bnpDRShiftTo","line":250,"loc":{"start":{"line":250,"column":4},"end":{"line":250,"column":31}}},"22":{"name":"bnpLShiftTo","line":257,"loc":{"start":{"line":257,"column":4},"end":{"line":257,"column":30}}},"23":{"name":"bnpRShiftTo","line":274,"loc":{"start":{"line":274,"column":4},"end":{"line":274,"column":30}}},"24":{"name":"bnpSubTo","line":292,"loc":{"start":{"line":292,"column":4},"end":{"line":292,"column":27}}},"25":{"name":"bnpMultiplyTo","line":326,"loc":{"start":{"line":326,"column":4},"end":{"line":326,"column":32}}},"26":{"name":"bnpSquareTo","line":338,"loc":{"start":{"line":338,"column":4},"end":{"line":338,"column":28}}},"27":{"name":"bnpDivRemTo","line":356,"loc":{"start":{"line":356,"column":4},"end":{"line":356,"column":32}}},"28":{"name":"bnMod","line":404,"loc":{"start":{"line":404,"column":4},"end":{"line":404,"column":22}}},"29":{"name":"Classic","line":412,"loc":{"start":{"line":412,"column":4},"end":{"line":412,"column":24}}},"30":{"name":"cConvert","line":413,"loc":{"start":{"line":413,"column":4},"end":{"line":413,"column":25}}},"31":{"name":"cRevert","line":417,"loc":{"start":{"line":417,"column":4},"end":{"line":417,"column":24}}},"32":{"name":"cReduce","line":418,"loc":{"start":{"line":418,"column":4},"end":{"line":418,"column":24}}},"33":{"name":"cMulTo","line":419,"loc":{"start":{"line":419,"column":4},"end":{"line":419,"column":27}}},"34":{"name":"cSqrTo","line":420,"loc":{"start":{"line":420,"column":4},"end":{"line":420,"column":25}}},"35":{"name":"bnpInvDigit","line":438,"loc":{"start":{"line":438,"column":4},"end":{"line":438,"column":27}}},"36":{"name":"Montgomery","line":454,"loc":{"start":{"line":454,"column":4},"end":{"line":454,"column":27}}},"37":{"name":"montConvert","line":464,"loc":{"start":{"line":464,"column":4},"end":{"line":464,"column":28}}},"38":{"name":"montRevert","line":473,"loc":{"start":{"line":473,"column":4},"end":{"line":473,"column":27}}},"39":{"name":"montReduce","line":481,"loc":{"start":{"line":481,"column":4},"end":{"line":481,"column":27}}},"40":{"name":"montSqrTo","line":500,"loc":{"start":{"line":500,"column":4},"end":{"line":500,"column":28}}},"41":{"name":"montMulTo","line":503,"loc":{"start":{"line":503,"column":4},"end":{"line":503,"column":30}}},"42":{"name":"bnpIsEven","line":512,"loc":{"start":{"line":512,"column":4},"end":{"line":512,"column":25}}},"43":{"name":"bnpExp","line":515,"loc":{"start":{"line":515,"column":4},"end":{"line":515,"column":25}}},"44":{"name":"bnModPowInt","line":528,"loc":{"start":{"line":528,"column":4},"end":{"line":528,"column":30}}},"45":{"name":"bnClone","line":574,"loc":{"start":{"line":574,"column":4},"end":{"line":574,"column":23}}},"46":{"name":"bnIntValue","line":577,"loc":{"start":{"line":577,"column":4},"end":{"line":577,"column":26}}},"47":{"name":"bnByteValue","line":589,"loc":{"start":{"line":589,"column":4},"end":{"line":589,"column":27}}},"48":{"name":"bnShortValue","line":592,"loc":{"start":{"line":592,"column":4},"end":{"line":592,"column":28}}},"49":{"name":"bnpChunkSize","line":595,"loc":{"start":{"line":595,"column":4},"end":{"line":595,"column":29}}},"50":{"name":"bnSigNum","line":598,"loc":{"start":{"line":598,"column":4},"end":{"line":598,"column":24}}},"51":{"name":"bnpToRadix","line":605,"loc":{"start":{"line":605,"column":4},"end":{"line":605,"column":27}}},"52":{"name":"bnpFromRadix","line":620,"loc":{"start":{"line":620,"column":4},"end":{"line":620,"column":31}}},"53":{"name":"bnpFromNumber","line":647,"loc":{"start":{"line":647,"column":4},"end":{"line":647,"column":34}}},"54":{"name":"bnToByteArray","line":673,"loc":{"start":{"line":673,"column":4},"end":{"line":673,"column":29}}},"55":{"name":"bnEquals","line":697,"loc":{"start":{"line":697,"column":4},"end":{"line":697,"column":25}}},"56":{"name":"bnMin","line":698,"loc":{"start":{"line":698,"column":4},"end":{"line":698,"column":22}}},"57":{"name":"bnMax","line":699,"loc":{"start":{"line":699,"column":4},"end":{"line":699,"column":22}}},"58":{"name":"bnpBitwiseTo","line":702,"loc":{"start":{"line":702,"column":4},"end":{"line":702,"column":34}}},"59":{"name":"op_and","line":720,"loc":{"start":{"line":720,"column":4},"end":{"line":720,"column":25}}},"60":{"name":"bnAnd","line":721,"loc":{"start":{"line":721,"column":4},"end":{"line":721,"column":22}}},"61":{"name":"op_or","line":724,"loc":{"start":{"line":724,"column":4},"end":{"line":724,"column":24}}},"62":{"name":"bnOr","line":725,"loc":{"start":{"line":725,"column":4},"end":{"line":725,"column":21}}},"63":{"name":"op_xor","line":728,"loc":{"start":{"line":728,"column":4},"end":{"line":728,"column":25}}},"64":{"name":"bnXor","line":729,"loc":{"start":{"line":729,"column":4},"end":{"line":729,"column":22}}},"65":{"name":"op_andnot","line":732,"loc":{"start":{"line":732,"column":4},"end":{"line":732,"column":28}}},"66":{"name":"bnAndNot","line":733,"loc":{"start":{"line":733,"column":4},"end":{"line":733,"column":25}}},"67":{"name":"bnNot","line":736,"loc":{"start":{"line":736,"column":4},"end":{"line":736,"column":21}}},"68":{"name":"bnShiftLeft","line":745,"loc":{"start":{"line":745,"column":4},"end":{"line":745,"column":28}}},"69":{"name":"bnShiftRight","line":752,"loc":{"start":{"line":752,"column":4},"end":{"line":752,"column":29}}},"70":{"name":"lbit","line":759,"loc":{"start":{"line":759,"column":4},"end":{"line":759,"column":21}}},"71":{"name":"bnGetLowestSetBit","line":771,"loc":{"start":{"line":771,"column":4},"end":{"line":771,"column":33}}},"72":{"name":"cbit","line":779,"loc":{"start":{"line":779,"column":4},"end":{"line":779,"column":21}}},"73":{"name":"bnBitCount","line":786,"loc":{"start":{"line":786,"column":4},"end":{"line":786,"column":26}}},"74":{"name":"bnTestBit","line":793,"loc":{"start":{"line":793,"column":4},"end":{"line":793,"column":26}}},"75":{"name":"bnpChangeBit","line":800,"loc":{"start":{"line":800,"column":4},"end":{"line":800,"column":32}}},"76":{"name":"bnSetBit","line":807,"loc":{"start":{"line":807,"column":4},"end":{"line":807,"column":25}}},"77":{"name":"bnClearBit","line":810,"loc":{"start":{"line":810,"column":4},"end":{"line":810,"column":27}}},"78":{"name":"bnFlipBit","line":813,"loc":{"start":{"line":813,"column":4},"end":{"line":813,"column":26}}},"79":{"name":"bnpAddTo","line":816,"loc":{"start":{"line":816,"column":4},"end":{"line":816,"column":27}}},"80":{"name":"bnAdd","line":849,"loc":{"start":{"line":849,"column":4},"end":{"line":849,"column":22}}},"81":{"name":"bnSubtract","line":852,"loc":{"start":{"line":852,"column":4},"end":{"line":852,"column":27}}},"82":{"name":"bnMultiply","line":855,"loc":{"start":{"line":855,"column":4},"end":{"line":855,"column":27}}},"83":{"name":"bnSquare","line":858,"loc":{"start":{"line":858,"column":4},"end":{"line":858,"column":24}}},"84":{"name":"bnDivide","line":861,"loc":{"start":{"line":861,"column":4},"end":{"line":861,"column":25}}},"85":{"name":"bnRemainder","line":864,"loc":{"start":{"line":864,"column":4},"end":{"line":864,"column":28}}},"86":{"name":"bnDivideAndRemainder","line":867,"loc":{"start":{"line":867,"column":4},"end":{"line":867,"column":37}}},"87":{"name":"bnpDMultiply","line":874,"loc":{"start":{"line":874,"column":4},"end":{"line":874,"column":29}}},"88":{"name":"bnpDAddOffset","line":881,"loc":{"start":{"line":881,"column":4},"end":{"line":881,"column":32}}},"89":{"name":"NullExp","line":893,"loc":{"start":{"line":893,"column":4},"end":{"line":893,"column":23}}},"90":{"name":"nNop","line":894,"loc":{"start":{"line":894,"column":4},"end":{"line":894,"column":21}}},"91":{"name":"nMulTo","line":895,"loc":{"start":{"line":895,"column":4},"end":{"line":895,"column":27}}},"92":{"name":"nSqrTo","line":896,"loc":{"start":{"line":896,"column":4},"end":{"line":896,"column":25}}},"93":{"name":"bnPow","line":904,"loc":{"start":{"line":904,"column":4},"end":{"line":904,"column":22}}},"94":{"name":"bnpMultiplyLowerTo","line":908,"loc":{"start":{"line":908,"column":4},"end":{"line":908,"column":39}}},"95":{"name":"bnpMultiplyUpperTo","line":921,"loc":{"start":{"line":921,"column":4},"end":{"line":921,"column":39}}},"96":{"name":"Barrett","line":933,"loc":{"start":{"line":933,"column":4},"end":{"line":933,"column":24}}},"97":{"name":"barrettConvert","line":942,"loc":{"start":{"line":942,"column":4},"end":{"line":942,"column":31}}},"98":{"name":"barrettRevert","line":948,"loc":{"start":{"line":948,"column":4},"end":{"line":948,"column":30}}},"99":{"name":"barrettReduce","line":951,"loc":{"start":{"line":951,"column":4},"end":{"line":951,"column":30}}},"100":{"name":"barrettSqrTo","line":962,"loc":{"start":{"line":962,"column":4},"end":{"line":962,"column":31}}},"101":{"name":"barrettMulTo","line":965,"loc":{"start":{"line":965,"column":4},"end":{"line":965,"column":33}}},"102":{"name":"bnModPow","line":974,"loc":{"start":{"line":974,"column":4},"end":{"line":974,"column":27}}},"103":{"name":"bnGCD","line":1033,"loc":{"start":{"line":1033,"column":4},"end":{"line":1033,"column":22}}},"104":{"name":"bnpModInt","line":1061,"loc":{"start":{"line":1061,"column":4},"end":{"line":1061,"column":26}}},"105":{"name":"bnModInverse","line":1071,"loc":{"start":{"line":1071,"column":4},"end":{"line":1071,"column":29}}},"106":{"name":"bnIsProbablePrime","line":1116,"loc":{"start":{"line":1116,"column":4},"end":{"line":1116,"column":34}}},"107":{"name":"bnpMillerRabin","line":1135,"loc":{"start":{"line":1135,"column":4},"end":{"line":1135,"column":31}}},"108":{"name":"rng_seed_int","line":1235,"loc":{"start":{"line":1235,"column":4},"end":{"line":1235,"column":29}}},"109":{"name":"rng_seed_time","line":1244,"loc":{"start":{"line":1244,"column":4},"end":{"line":1244,"column":29}}},"110":{"name":"rng_get_byte","line":1279,"loc":{"start":{"line":1279,"column":4},"end":{"line":1279,"column":28}}},"111":{"name":"rng_get_bytes","line":1293,"loc":{"start":{"line":1293,"column":4},"end":{"line":1293,"column":31}}},"112":{"name":"SecureRandom","line":1298,"loc":{"start":{"line":1298,"column":4},"end":{"line":1298,"column":28}}},"113":{"name":"Arcfour","line":1304,"loc":{"start":{"line":1304,"column":4},"end":{"line":1304,"column":23}}},"114":{"name":"ARC4init","line":1311,"loc":{"start":{"line":1311,"column":4},"end":{"line":1311,"column":27}}},"115":{"name":"ARC4next","line":1326,"loc":{"start":{"line":1326,"column":4},"end":{"line":1326,"column":24}}},"116":{"name":"prng_newstate","line":1340,"loc":{"start":{"line":1340,"column":4},"end":{"line":1340,"column":29}}}},"statementMap":{"1":{"start":{"line":1,"column":0},"end":{"line":1361,"column":14}},"2":{"start":{"line":10,"column":4},"end":{"line":10,"column":14}},"3":{"start":{"line":13,"column":4},"end":{"line":13,"column":32}},"4":{"start":{"line":14,"column":4},"end":{"line":14,"column":45}},"5":{"start":{"line":17,"column":4},"end":{"line":22,"column":5}},"6":{"start":{"line":18,"column":6},"end":{"line":21,"column":34}},"7":{"start":{"line":19,"column":8},"end":{"line":21,"column":34}},"8":{"start":{"line":19,"column":33},"end":{"line":19,"column":56}},"9":{"start":{"line":20,"column":13},"end":{"line":21,"column":34}},"10":{"start":{"line":20,"column":51},"end":{"line":20,"column":74}},"11":{"start":{"line":21,"column":13},"end":{"line":21,"column":34}},"12":{"start":{"line":25,"column":4},"end":{"line":25,"column":51}},"13":{"start":{"line":25,"column":21},"end":{"line":25,"column":49}},"14":{"start":{"line":35,"column":4},"end":{"line":42,"column":5}},"15":{"start":{"line":36,"column":6},"end":{"line":40,"column":7}},"16":{"start":{"line":37,"column":8},"end":{"line":37,"column":35}},"17":{"start":{"line":38,"column":8},"end":{"line":38,"column":36}},"18":{"start":{"line":39,"column":8},"end":{"line":39,"column":29}},"19":{"start":{"line":41,"column":6},"end":{"line":41,"column":15}},"20":{"start":{"line":46,"column":4},"end":{"line":57,"column":5}},"21":{"start":{"line":47,"column":6},"end":{"line":47,"column":36}},"22":{"start":{"line":48,"column":6},"end":{"line":55,"column":7}},"23":{"start":{"line":49,"column":8},"end":{"line":49,"column":31}},"24":{"start":{"line":50,"column":8},"end":{"line":50,"column":30}},"25":{"start":{"line":51,"column":8},"end":{"line":51,"column":26}},"26":{"start":{"line":52,"column":8},"end":{"line":52,"column":54}},"27":{"start":{"line":53,"column":8},"end":{"line":53,"column":44}},"28":{"start":{"line":54,"column":8},"end":{"line":54,"column":30}},"29":{"start":{"line":56,"column":6},"end":{"line":56,"column":15}},"30":{"start":{"line":60,"column":4},"end":{"line":71,"column":5}},"31":{"start":{"line":61,"column":6},"end":{"line":61,"column":36}},"32":{"start":{"line":62,"column":6},"end":{"line":69,"column":7}},"33":{"start":{"line":63,"column":8},"end":{"line":63,"column":31}},"34":{"start":{"line":64,"column":8},"end":{"line":64,"column":30}},"35":{"start":{"line":65,"column":8},"end":{"line":65,"column":26}},"36":{"start":{"line":66,"column":8},"end":{"line":66,"column":41}},"37":{"start":{"line":67,"column":8},"end":{"line":67,"column":33}},"38":{"start":{"line":68,"column":8},"end":{"line":68,"column":29}},"39":{"start":{"line":70,"column":6},"end":{"line":70,"column":15}},"40":{"start":{"line":72,"column":4},"end":{"line":72,"column":53}},"41":{"start":{"line":73,"column":4},"end":{"line":84,"column":5}},"42":{"start":{"line":74,"column":6},"end":{"line":74,"column":36}},"43":{"start":{"line":75,"column":6},"end":{"line":75,"column":17}},"44":{"start":{"line":77,"column":9},"end":{"line":84,"column":5}},"45":{"start":{"line":78,"column":6},"end":{"line":78,"column":36}},"46":{"start":{"line":79,"column":6},"end":{"line":79,"column":17}},"47":{"start":{"line":82,"column":6},"end":{"line":82,"column":36}},"48":{"start":{"line":83,"column":6},"end":{"line":83,"column":17}},"49":{"start":{"line":86,"column":4},"end":{"line":86,"column":36}},"50":{"start":{"line":87,"column":4},"end":{"line":87,"column":45}},"51":{"start":{"line":88,"column":4},"end":{"line":88,"column":41}},"52":{"start":{"line":90,"column":4},"end":{"line":90,"column":19}},"53":{"start":{"line":91,"column":4},"end":{"line":91,"column":48}},"54":{"start":{"line":92,"column":4},"end":{"line":92,"column":42}},"55":{"start":{"line":93,"column":4},"end":{"line":93,"column":44}},"56":{"start":{"line":96,"column":4},"end":{"line":96,"column":55}},"57":{"start":{"line":97,"column":4},"end":{"line":97,"column":28}},"58":{"start":{"line":98,"column":4},"end":{"line":98,"column":14}},"59":{"start":{"line":99,"column":4},"end":{"line":99,"column":27}},"60":{"start":{"line":100,"column":4},"end":{"line":100,"column":48}},"61":{"start":{"line":100,"column":31},"end":{"line":100,"column":48}},"62":{"start":{"line":101,"column":4},"end":{"line":101,"column":27}},"63":{"start":{"line":102,"column":4},"end":{"line":102,"column":49}},"64":{"start":{"line":102,"column":32},"end":{"line":102,"column":49}},"65":{"start":{"line":103,"column":4},"end":{"line":103,"column":27}},"66":{"start":{"line":104,"column":4},"end":
[...]
     while(j >= 0) {","        if(i >= k1) w = (e[j]>>(i-k1))&km;","        else {","          w = (e[j]&((1<<(i+1))-1))<<(k1-i);","          if(j > 0) w |= e[j-1]>>(this.DB+i-k1);","        }","","        n = k;","        while((w&1) == 0) { w >>= 1; --n; }","        if((i -= n) < 0) { i += this.DB; --j; }","        if(is1) {    // ret == 1, don't bother squaring or multiplying it","          g[w].copyTo(r);","          is1 = false;","        }","        else {","          while(n > 1) { z.sqrTo(r,r2); z.sqrTo(r2,r); n -= 2; }","          if(n > 0) z.sqrTo(r,r2); else { t = r; r = r2; r2 = t; }","          z.mulTo(r2,g[w],r);","        }","","        while(j >= 0 && (e[j]&(1<<i)) == 0) {","          z.sqrTo(r,r2); t = r; r = r2; r2 = t;","          if(--i < 0) { i = this.DB-1; --j; }","        }","      }","      return z.revert(r);","    }","","    // (public) gcd(this,a) (HAC 14.54)","    function bnGCD(a) {","      var x = (this.s<0)?this.negate():this.clone();","      var y = (a.s<0)?a.negate():a.clone();","      if(x.compareTo(y) < 0) { var t = x; x = y; y = t; }","      var i = x.getLowestSetBit(), g = y.getLowestSetBit();","      if(g < 0) return x;","      if(i < g) g = i;","      if(g > 0) {","        x.rShiftTo(g,x);","        y.rShiftTo(g,y);","      }","      while(x.signum() > 0) {","        if((i = x.getLowestSetBit()) > 0) x.rShiftTo(i,x);","        if((i = y.getLowestSetBit()) > 0) y.rShiftTo(i,y);","        if(x.compareTo(y) >= 0) {","          x.subTo(y,x);","          x.rShiftTo(1,x);","        }","        else {","          y.subTo(x,y);","          y.rShiftTo(1,y);","        }","      }","      if(g > 0) y.lShiftTo(g,y);","      return y;","    }","","    // (protected) this % n, n < 2^26","    function bnpModInt(n) {","      if(n <= 0) return 0;","      var d = this.DV%n, r = (this.s<0)?n-1:0;","      if(this.t > 0)","        if(d == 0) r = this[0]%n;","        else for(var i = this.t-1; i >= 0; --i) r = (d*r+this[i])%n;","      return r;","    }","","    // (public) 1/this % m (HAC 14.61)","    function bnModInverse(m) {","      var ac = m.isEven();","      if((this.isEven() && ac) || m.signum() == 0) return BigInteger.ZERO;","      var u = m.clone(), v = this.clone();","      var a = nbv(1), b = nbv(0), c = nbv(0), d = nbv(1);","      while(u.signum() != 0) {","        while(u.isEven()) {","          u.rShiftTo(1,u);","          if(ac) {","            if(!a.isEven() || !b.isEven()) { a.addTo(this,a); b.subTo(m,b); }","            a.rShiftTo(1,a);","          }","          else if(!b.isEven()) b.subTo(m,b);","          b.rShiftTo(1,b);","        }","        while(v.isEven()) {","          v.rShiftTo(1,v);","          if(ac) {","            if(!c.isEven() || !d.isEven()) { c.addTo(this,c); d.subTo(m,d); }","            c.rShiftTo(1,c);","          }","          else if(!d.isEven()) d.subTo(m,d);","          d.rShiftTo(1,d);","        }","        if(u.compareTo(v) >= 0) {","          u.subTo(v,u);","          if(ac) a.subTo(c,a);","          b.subTo(d,b);","        }","        else {","          v.subTo(u,v);","          if(ac) c.subTo(a,c);","          d.subTo(b,d);","        }","      }","      if(v.compareTo(BigInteger.ONE) != 0) return BigInteger.ZERO;","      if(d.compareTo(m) >= 0) return d.subtract(m);","      if(d.signum() < 0) d.addTo(m,d); else return d;","      if(d.signum() < 0) return d.add(m); else return d;","    }","","    var lowprimes = [2,3,5,7,11,13,17,19,23,29,31,37,41,43,47,53,59,61,67,71,73,79,83,89,97,101,103,107,109,113,127,131,137,139,149,151,157,163,167,173,179,181,191,193,197,199,211,223,227,229,233,239,241,251,257,263,269,271,277,281,283,293,307,311,313,317,331,337,347,349,353,359,367,373,379,383,389,397,401,409,419,421,431,433,439,443,449,457,461,463,467,479,487,491,499,503,509,521,523,541,547,557,563,569,571,577,587,593,599,601,607,613,617,619,631,641,643,647,653,659,661,673,677,683,691,701,709,719,727,733,739,743,751,757,761,769,773,787,797,809,811,821,823,827,829,839,853,857,859,863,877,881,883,887,907,911,919,929,937,941,947,953,967,971,977,983,991,997];","    var lplim = (1<<26)/lowprimes[lowprimes.length-1];","","    // (public) test primality with certainty >= 1-.5^t","    function bnIsProbablePrime(t) {","      var i, x = this.abs();","      if(x.t == 1 && x[0] <= lowprimes[lowprimes.length-1]) {","        for(i = 0; i < lowprimes.length; ++i)","          if(x[0] == lowprimes[i]) return true;","        return false;","      }","      if(x.isEven()) return false;","      i = 1;","      while(i < lowprimes.length) {","        var m = lowprimes[i], j = i+1;","        while(j < lowprimes.length && m < lplim) m *= lowprimes[j++];","        m = x.modInt(m);","        while(i < j) if(m%lowprimes[i++] == 0) return false;","      }","      return x.millerRabin(t);","    }","","    // (protected) true if probably prime (HAC 4.24, Miller-Rabin)","    function bnpMillerRabin(t) {","      var n1 = this.subtract(BigInteger.ONE);","      var k = n1.getLowestSetBit();","      if(k <= 0) return false;","      var r = n1.shiftRight(k);","      t = (t+1)>>1;","      if(t > lowprimes.length) t = lowprimes.length;","      var a = nbi();","      for(var i = 0; i < t; ++i) {","        //Pick bases at random, instead of starting at 2","        a.fromInt(lowprimes[Math.floor(Math.random()*lowprimes.length)]);","        var y = a.modPow(r,this);","        if(y.compareTo(BigInteger.ONE) != 0 && y.compareTo(n1) != 0) {","          var j = 1;","          while(j++ < k && y.compareTo(n1) != 0) {","            y = y.modPowInt(2,this);","            if(y.compareTo(BigInteger.ONE) == 0) return false;","          }","          if(y.compareTo(n1) != 0) return false;","        }","      }","      return true;","    }","","    // protected","    BigInteger.prototype.chunkSize = bnpChunkSize;","    BigInteger.prototype.toRadix = bnpToRadix;","    BigInteger.prototype.fromRadix = bnpFromRadix;","    BigInteger.prototype.fromNumber = bnpFromNumber;","    BigInteger.prototype.bitwiseTo = bnpBitwiseTo;","    BigInteger.prototype.changeBit = bnpChangeBit;","    BigInteger.prototype.addTo = bnpAddTo;","    BigInteger.prototype.dMultiply = bnpDMultiply;","    BigInteger.prototype.dAddOffset = bnpDAddOffset;","    BigInteger.prototype.multiplyLowerTo = bnpMultiplyLowerTo;","    BigInteger.prototype.multiplyUpperTo = bnpMultiplyUpperTo;","    BigInteger.prototype.modInt = bnpModInt;","    BigInteger.prototype.millerRabin = bnpMillerRabin;","","    // public","    BigInteger.prototype.clone = bnClone;","    BigInteger.prototype.intValue = bnIntValue;","    BigInteger.prototype.byteValue = bnByteValue;","    BigInteger.prototype.shortValue = bnShortValue;","    BigInteger.prototype.signum = bnSigNum;","    BigInteger.prototype.toByteArray = bnToByteArray;","    BigInteger.prototype.equals = bnEquals;","    BigInteger.prototype.min = bnMin;","    BigInteger.prototype.max = bnMax;","    BigInteger.prototype.and = bnAnd;","    BigInteger.prototype.or = bnOr;","    BigInteger.prototype.xor = bnXor;","    BigInteger.prototype.andNot = bnAndNot;","    BigInteger.prototype.not = bnNot;","    BigInteger.prototype.shiftLeft = bnShiftLeft;","    BigInteger.prototype.shiftRight = bnShiftRight;","    BigInteger.prototype.getLowestSetBit = bnGetLowestSetBit;","    BigInteger.prototype.bitCount = bnBitCount;","    BigInteger.prototype.testBit = bnTestBit;","    BigInteger.prototype.setBit = bnSetBit;","    BigInteger.prototype.clearBit = bnClearBit;","    BigInteger.prototype.flipBit = bnFlipBit;","    BigInteger.prototype.add = bnAdd;","    BigInteger.prototype.subtract = bnSubtract;","    BigInteger.prototype.multiply = bnMultiply;","    BigInteger.prototype.divide = bnDivide;","    BigInteger.prototype.remainder = bnRemainder;","    BigInteger.prototype.divideAndRemainder = bnDivideAndRemainder;","    BigInteger.prototype.modPow = bnModPow;","    BigInteger.prototype.modInverse = bnModInverse;","    BigInteger.prototype.pow = bnPow;","    BigInteger.prototype.gcd = bnGCD;","    BigInteger.prototype.isProbablePrime = bnIsProbablePrime;","","    // JSBN-specific extension","    BigInteger.prototype.square = bnSquare;","","    // Expose the Barrett function","    BigInteger.prototype.Barrett = Barrett","","    // BigInteger interfaces not implemented in jsbn:","","    // BigInteger(int signum, byte[] magnitude)","    // double doubleValue()","    // float floatValue()","    // int hashCode()","    // long longValue()","    // static BigInteger valueOf(long val)","","    // Random number generator - requires a PRNG backend, e.g. prng4.js","","    // For best results, put code like","    // <body onClick='rng_seed_time();' onKeyPress='rng_seed_time();'>","    // in your main HTML document.","","    var rng_state;","    var rng_pool;","    var rng_pptr;","","    // Mix in a 32-bit integer into the pool","    function rng_seed_int(x) {","      rng_pool[rng_pptr++] ^= x & 255;","      rng_pool[rng_pptr++] ^= (x >> 8) & 255;","      rng_pool[rng_pptr++] ^= (x >> 16) & 255;","      rng_pool[rng_pptr++] ^= (x >> 24) & 255;","      if(rng_pptr >= rng_psize) rng_pptr -= rng_psize;","    }","","    // Mix in the current time (w/milliseconds) into the pool","    function rng_seed_time() {","      rng_seed_int(new Date().getTime());","    }","","    // Initialize the pool with junk if needed.","    if(rng_pool == null) {","      rng_pool = new Array();","      rng_pptr = 0;","      var t;","      if(typeof window !== \"undefined\" && window.crypto) {","        if (window.crypto.getRandomValues) {","          // Use webcrypto if available","          var ua = new Uint8Array(32);","          window.crypto.getRandomValues(ua);","          for(t = 0; t < 32; ++t)","            rng_pool[rng_pptr++] = ua[t];","        }","        else if(navigator.appName == \"Netscape\" && navigator.appVersion < \"5\") {","          // Extract entropy (256 bits) from NS4 RNG if available","          var z = window.crypto.random(32);","          for(t = 0; t < z.length; ++t)","            rng_pool[rng_pptr++] = z.charCodeAt(t) & 255;","        }","      }","      while(rng_pptr < rng_psize) {  // extract some randomness from Math.random()","        t = Math.floor(65536 * Math.random());","        rng_pool[rng_pptr++] = t >>> 8;","        rng_pool[rng_pptr++] = t & 255;","      }","      rng_pptr = 0;","      rng_seed_time();","      //rng_seed_int(window.screenX);","      //rng_seed_int(window.screenY);","    }","","    function rng_get_byte() {","      if(rng_state == null) {","        rng_seed_time();","        rng_state = prng_newstate();","        rng_state.init(rng_pool);","        for(rng_pptr = 0; rng_pptr < rng_pool.length; ++rng_pptr)","          rng_pool[rng_pptr] = 0;","        rng_pptr = 0;","        //rng_pool = null;","      }","      // TODO: allow reseeding after first request","      return rng_state.next();","    }","","    function rng_get_bytes(ba) {","      var i;","      for(i = 0; i < ba.length; ++i) ba[i] = rng_get_byte();","    }","","    function SecureRandom() {}","","    SecureRandom.prototype.nextBytes = rng_get_bytes;","","    // prng4.js - uses Arcfour as a PRNG","","    function Arcfour() {","      this.i = 0;","      this.j = 0;","      this.S = new Array();","    }","","    // Initialize arcfour context from key, an array of ints, each from [0..255]","    function ARC4init(key) {","      var i, j, t;","      for(i = 0; i < 256; ++i)","        this.S[i] = i;","      j = 0;","      for(i = 0; i < 256; ++i) {","        j = (j + this.S[i] + key[i % key.length]) & 255;","        t = this.S[i];","        this.S[i] = this.S[j];","        this.S[j] = t;","      }","      this.i = 0;","      this.j = 0;","    }","","    function ARC4next() {","      var t;","      this.i = (this.i + 1) & 255;","      this.j = (this.j + this.S[this.i]) & 255;","      t = this.S[this.i];","      this.S[this.i] = this.S[this.j];","      this.S[this.j] = t;","      return this.S[(t + this.S[this.i]) & 255];","    }","","    Arcfour.prototype.init = ARC4init;","    Arcfour.prototype.next = ARC4next;","","    // Plug in your RNG constructor here","    function prng_newstate() {","      return new Arcfour();","    }","","    // Pool size must be a multiple of 4 and greater than 32.","    // An array of bytes the size of the pool will be passed to init()","    var rng_psize = 256;","","    if (typeof exports !== 'undefined') {","        exports = module.exports = {","            default: BigInteger,","            BigInteger: BigInteger,","            SecureRandom: SecureRandom,","        };","    } else {","        this.jsbn = {","          BigInteger: BigInteger,","          SecureRandom: SecureRandom","        };","    }","","}).call(this);",""],"l":{"1":1,"10":1,"13":1,"14":1,"17":1,"18":2,"19":0,"20":0,"21":0,"25":2,"35":1,"36":0,"37":0,"38":0,"39":0,"41":0,"46":1,"47":0,"48":0,"49":0,"50":0,"51":0,"52":0,"53":0,"54":0,"56":0,"60":1,"61":0,"62":0,"63":0,"64":0,"65":0,"66":0,"67":0,"68":0,"70":0,"72":1,"73":1,"74":0,"75":0,"77":1,"78":0,"79":0,"82":1,"83":1,"86":1,"87":1,"88":1,"90":1,"91":1,"92":1,"93":1,"96":1,"97":1,"98":1,"99":1,"100":10,"101":1,"102":26,"103":1,"104":26,"106":1,"107":1,"108":0,"109":0,"113":1,"114":0,"115":0,"116":0,"120":1,"121":2,"122":2,"123":2,"124":1,"125":1,"129":2,"132":1,"133":0,"134":0,"135":0,"136":0,"137":0,"138":0,"139":0,"140":0,"141":0,"142":0,"143":0,"144":0,"145":0,"146":0,"147":0,"148":0,"150":0,"151":0,"152":0,"153":0,"154":0,"155":0,"158":0,"159":0,"160":0,"162":0,"163":0,"164":0,"166":0,"167":0,"171":1,"172":0,"173":0,"177":1,"178":0,"179":0,"180":0,"181":0,"182":0,"183":0,"184":0,"185":0,"186":0,"187":0,"188":0,"189":0,"190":0,"191":0,"192":0,"193":0,"196":0,"197":0,"199":0,"200":0,"203":0,"207":1,"210":1,"213":1,"214":0,"215":0,"216":0,"217":0,"218":0,"219":0,"220":0,"224":1,"225":0,"226":0,"227":0,"228":0,"229":0,"230":0,"231":0,"235":1,"236":0,"237":0,"241":1,"242":0,"243":0,"244":0,"245":0,"246":0,"250":1,"251":0,"252":0,"253":0,"257":1,"258":0,"259":0,"260":0,"261":0,"262":0,"263":0,"264":0,"266":0,"267":0,"268":0,"269":0,"270":0,"274":1,"275":0,"276":0,"277":0,"278":0,"279":0,"280":0,"281":0,"282":0,"283":0,"284":0,"286":0,"287":0,"288":0,"292":1,"293":0,"294":0,"295":0,"296":0,"297":0,"299":0,"300":0,"301":0,"302":0,"303":0,"304":0,"306":0,"309":0,"310":0,"311":0,"312":0,"313":0,"315":0,"317":0,"318":0,"319":0,"320":0,"321":0,"326":1,"327":0,"328":0,"329":0,"330":0,"331":0,"332":0,"333":0,"334":0,"338":1,"339":0,"340":0,"341":0,"342":0,"343":0,"344":0,"345":0,"346":0,"349":0,"350":0,"351":0,"356":1,"357":0,"358":0,"359":0,"360":0,"361":0,"362":0,"363":0,"365":0,"366":0,"367":0,"368":0,"369":0,"370":0,"371":0,"372":0,"373":0,"374":0,"375":0,"376":0,"377":0,"378":0,"379":0,"381":0,"382":0,"383":0,"384":0,"386":0,"387":0,"388":0,"389":0,"390":0,"393":0,"394":0,"395":0,"397":0,"398":0,"399":0,"400":0,"404":1,"405":0,"406":0,"407":0,"408":0,"412":1,"413":1,"414":0,"415":0,"417":1,"418":1,"419":1,"420":1,"422":1,"423":1,"424":1,"425":1,"426":1,"438":1,"439":0,"440":0,"441":0,"442":0,"443":0,"444":0,"445":0,"448":0,"450":0,"454":1,"455":0,"456":0,"457":0,"458":0,"459":0,"460":0,"464":1,"465":0,"466":0,"467":0,"468":0,"469":0,"473":1,"474":0,"475":0,"476":0,"477":0,"481":1,"482":0,"483":0,"484":0,"486":0,"487":0,"489":0,"490":0,"492":0,"494":0,"495":0,"496":0,"500":1,"503":1,"505":1,"506":1,"507":1,"508":1,"509":1,"512":1,"515":1,"516":0,"517":0,"518":0,"519":0,"520":0,"521":0,"522":0,"524":0,"528":1,"529":0,"530":0,"531":0,"535":1,"536":1,"537":1,"538":1,"539":1,"540":1,"541":1,"542":1,"543":1,"544":1,"545":1,"546":1,"547":1,"548":1,"549":1,"552":1,"553":1,"554":1,"555":1,"556":1,"557":1,"558":1,"561":1,"562":1,"574":1,"577":1,"578":0,"579":0,"580":0,"582":0,"583":0,"585":0,"589":1,"592":1,"595":1,"598":1,"599":0,"600":0,"601":0,"605":1,"606":0,"607":0,"608":0,"609":0,"610":0,"611":0,"612":0,"613":0,"614":0,"616":0,"620":1,"621":0,"622":0,"623":0,"624":0,"625":0,"626":0,"627":0,"628":0,"629":0,"631":0,"632":0,"633":0,"634":0,"635":0,"636":0,"639":0,"640":0,"641":0,"643":0,"647":1,"648":0,"650":0,"652":0,"653":0,"654":0,"655":0,"656":0,"657":0,"658":0,"664":0,"665":0,"666":0,"667":0,"668":0,"673":1,"674":0,"675":0,"676":0,"677":0,"678":0,"679":0,"680":0,"681":0,"682":0,"683":0,"686":0,"687":0,"689":0,"690":0,"691":0,"694":0,"697":1,"698":1,"699":1,"702":1,"703":0,"704":0,"705":0,"706":0,"707":0,"708":0,"711":0,"712":0,"713":0,"715":0,"716":0,"720":1,"721":1,"724":1,"725":1,"728":1,"729":1,"732":1,"733":1,"736":1,"737":0,"738":0,"739":0,"740":0,"741":0,"745":1,"746":0,"747":0,"748":0,"752":1,"753":0,"754":0,"755":0,"759":1,"760":0,"761":0,"762":0,"763":0,"764":0,"765":0,"766":0,"767":0,"771":1,"772":0,"773":0,"774":0,"775":0,"779":1,"780":0,"781":0,"782":0,"786":1,"787":0,"788":0,"789":0,"793":1,"794":0,"795":0,"796":0,"800":1,"801":0,"802":0,"803":0,"807":1,"810":1,"813":1,"816":1,"817":0,"818":0,"819":0,"820":0,"821":0,"823":0,"824":0,"825":0,"826":0,"827":0,"828":0,"830":0,"833":0,"834":0,"835":0,"836":0,"837":0,"839":0,"841":0,"842":0,"843":0,"844":0,"845":0,"849":1,"852":1,"855":1,"858":1,"861":1,"864":1,"867":1,"868":0,"869":0,"870":0,"874":1,"875":0,"876":0,"877":0,"881":1,"882":0,"883":0,"884":0,"885":0,"886":0,"887":0,"888":0,"893":1,"894":1,"895":1,"896":1,"898":1,"899":1,"900":1,"901":1,"904":1,"908":1,"909":0,"910":0,"911":0,"912":0,"913":0,"914":0,"915":0,"916":0,"921":1,"922":0,"923":0,"924":0,"925":0,"926":0,"927":0,"928":0,"929":0,"933":1,"935":0,"936":0,"937":0,"938":0,"939":0,"942":1,"943":0,"944":0,"945":0,"948":1,"951":1,"952":0,"953":0,"954":0,"955":0,"956":0,"957":0,"958":0,"962":1,"965":1,"967":1,"968":1,"969":1,"970":1,"971":1,"974":1,"975":0,"976":0,"977":0,"978":0,"979":0,"980":0,"981":0,"982":0,"983":0,"984":0,"985":0,"987":0,"990":0,"991":0,"992":0,"993":0,"994":0,"995":0,"996":0,"997":0,"998":0,"1002":0,"1003":0,"1004":0,"1005":0,"1007":0,"1008":0,"1011":0,"1012":0,"1013":0,"1014":0,"1015":0,"1016":0,"1019":0,"1020":0,"1021":0,"1024":0,"1025":0,"1026":0,"1029":0,"1033":1,"1034":0,"1035":0,"1036":0,"1037":0,"1038":0,"1039":0,"1040":0,"1041":0,"1042":0,"1044":0,"1045":0,"1046":0,"1047":0,"1048":0,"1049":0,"1052":0,"1053":0,"1056":0,"1057":0,"1061":1,"1062":0,"1063":0,"1064":0,"1065":0,"1066":0,"1067":0,"1071":1,"1072":0,"1073":0,"1074":0,"1075":0,"1076":0,"1077":0,"1078":0,"1079":0,"1080":0,"1081":0,"1083":0,"1084":0,"1086":0,"1087":0,"1088":0,"1089":0,"1090":0,"1092":0,"1093":0,"1095":0,"1096":0,"1097":0,"1098":0,"1101":0,"1102":0,"1103":0,"1106":0,"1107":0,"1108":0,"1109":0,"1112":1,"1113":1,"1116":1,"1117":0,"1118":0,"1119":0,"1120":0,"1121":0,"1123":0,"1124":0,"1125":0,"1126":0,"1127":0,"1128":0,"1129":0,"1131":0,"1135":1,"1136":0,"1137":0,"1138":0,"1139":0,"1140":0,"1141":0,"1142":0,"1143":0,"1145":0,"1146":0,"1147":0,"1148":0,"1149":0,"1150":0,"1151":0,"1153":0,"1156":0,"1160":1,"1161":1,"1162":1,"1163":1,"1164":1,"1165":1,"1166":1,"1167":1,"1168":1,"1169":1,"1170":1,"1171":1,"1172":1,"1175":1,"1176":1,"1177":1,"1178":1,"1179":1,"1180":1,"1181":1,"1182":1,"1183":1,"1184":1,"1185":1,"1186":1,"1187":1,"1188":1,"1189":1,"1190":1,"1191":1,"1192":1,"1193":1,"1194":1,"1195":1,"1196":1,"1197":1,"1198":1,"1199":1,"1200":1,"1201":1,"1202":1,"1203":1,"1204":1,"1205":1,"1206":1,"1207":1,"1210":1,"1213":1,"1230":1,"1231":1,"1232":1,"1235":1,"1236":1,"1237":1,"1238":1,"1239":1,"1240":1,"1244":1,"1245":1,"1249":1,"1250":1,"1251":1,"1252":1,"1253":1,"1254":0,"1256":0,"1257":0,"1258":0,"1259":0,"1261":0,"1263":0,"1264":0,"1265":0,"1268":1,"1269":0,"1270":0,"1271":0,"1273":1,"1274":1,"1279":1,"1280":0,"1281":0,"1282":0,"1283":0,"1284":0,"1285":0,"1286":0,"1290":0,"1293":1,"1294":0,"1295":0,"1298":1,"1300":1,"1304":1,"1305":0,"1306":0,"1307":0,"1311":1,"1312":0,"1313":0,"1314":0,"1315":0,"1316":0,"1317":0,"1318":0,"1319":0,"1320":0,"1322":0,"1323":0,"1326":1,"1327":0,"1328":0,"1329":0,"1330":0,"1331":0,"1332":0,"1333":0,"1336":1,"1337":1,"1340":1,"1341":0,"1346":1,"1348":1,"1349":1,"1355":0}}}